Using pre-set license
Built from '2020.3/china_unity/release' branch; Version is '2020.3.25f1c1 (fd09ccef852e) revision 16583116'; Using compiler version '192528614'; Build Type 'Release'
OS: 'Windows 10  (10.0.17763) 64bit Professional' Language: 'zh' Physical Memory: 16326 MB
BatchMode: 1, IsHumanControllingUs: 0, StartBugReporterOnCrash: 0, Is64bit: 1, IsPro: 0

COMMAND LINE ARGUMENTS:
C:\Program Files\Unity\Hub\Editor\2020.3.25f1c1\Editor\Unity.exe
-adb2
-batchMode
-noUpm
-name
AssetImportWorker0
-projectPath
D:/UnityProjects/BearRun
-logFile
Logs/AssetImportWorker0.log
-srvPort
12163
Successfully changed project path to: D:/UnityProjects/BearRun
D:/UnityProjects/BearRun
Using Asset Import Pipeline V2.
AS: AutoStreaming module initializing.Refreshing native plugins compatible for Editor in 56.28 ms, found 2 plugins.
Preloading 0 native plugins for Editor in 0.00 ms.
Initialize engine version: 2020.3.25f1c1 (fd09ccef852e)
[Subsystems] Discovering subsystems at path C:/Program Files/Unity/Hub/Editor/2020.3.25f1c1/Editor/Data/Resources/UnitySubsystems
[Subsystems] Discovering subsystems at path D:/UnityProjects/BearRun/Assets
GfxDevice: creating device client; threaded=0
Direct3D:
    Version:  Direct3D 11.0 [level 11.1]
    Renderer: AMD Radeon RX 580 2048SP (ID=0x6fdf)
    Vendor:   
    VRAM:     8170 MB
    Driver:   31.0.21905.1001
Initialize mono
Mono path[0] = 'C:/Program Files/Unity/Hub/Editor/2020.3.25f1c1/Editor/Data/Managed'
Mono path[1] = 'C:/Program Files/Unity/Hub/Editor/2020.3.25f1c1/Editor/Data/MonoBleedingEdge/lib/mono/unityjit'
Mono config path = 'C:/Program Files/Unity/Hub/Editor/2020.3.25f1c1/Editor/Data/MonoBleedingEdge/etc'
Using monoOptions --debugger-agent=transport=dt_socket,embedding=1,server=y,suspend=n,address=127.0.0.1:56536
Begin MonoManager ReloadAssembly
Registering precompiled unity dll's ...
Register platform support module: C:/Program Files/Unity/Hub/Editor/2020.3.25f1c1/Editor/Data/PlaybackEngines/WindowsStandaloneSupport/UnityEditor.WindowsStandalone.Extensions.dll
Registered in 0.001382 seconds.
Native extension for WindowsStandalone target not found
Refreshing native plugins compatible for Editor in 51.55 ms, found 2 plugins.
Preloading 0 native plugins for Editor in 0.00 ms.
Mono: successfully reloaded assembly
- Completed reload, in  0.574 seconds
Domain Reload Profiling:
	ReloadAssembly (574ms)
		BeginReloadAssembly (47ms)
			ExecutionOrderSort (0ms)
			DisableScriptedObjects (0ms)
			BackupInstance (0ms)
			ReleaseScriptingObjects (0ms)
			CreateAndSetChildDomain (1ms)
		EndReloadAssembly (462ms)
			LoadAssemblies (45ms)
			RebuildTransferFunctionScriptingTraits (0ms)
			SetupTypeCache (147ms)
			ReleaseScriptCaches (0ms)
			RebuildScriptCaches (28ms)
			SetupLoadedEditorAssemblies (180ms)
				LogAssemblyErrors (0ms)
				InitializePlatformSupportModulesInManaged (5ms)
				SetLoadedEditorAssemblies (0ms)
				RefreshPlugins (52ms)
				BeforeProcessingInitializeOnLoad (16ms)
				ProcessInitializeOnLoadAttributes (80ms)
				ProcessInitializeOnLoadMethodAttributes (27ms)
				AfterProcessingInitializeOnLoad (0ms)
				EditorAssembliesLoaded (0ms)
			ExecutionOrderSort2 (0ms)
			AwakeInstancesAfterBackupRestoration (0ms)
Platform modules already initialized, skipping
Registering precompiled user dll's ...
Registered in 0.003760 seconds.
Begin MonoManager ReloadAssembly
OnLevelWasLoaded was found on Game
This message has been deprecated and will be removed in a later version of Unity.
Add a delegate to SceneManager.sceneLoaded instead to get notifications after scene loading has completed
Native extension for WindowsStandalone target not found
Refreshing native plugins compatible for Editor in 0.69 ms, found 2 plugins.
Preloading 0 native plugins for Editor in 0.00 ms.
Mono: successfully reloaded assembly
- Completed reload, in  1.124 seconds
Domain Reload Profiling:
	ReloadAssembly (1125ms)
		BeginReloadAssembly (142ms)
			ExecutionOrderSort (0ms)
			DisableScriptedObjects (4ms)
			BackupInstance (0ms)
			ReleaseScriptingObjects (0ms)
			CreateAndSetChildDomain (18ms)
		EndReloadAssembly (896ms)
			LoadAssemblies (104ms)
			RebuildTransferFunctionScriptingTraits (0ms)
			SetupTypeCache (288ms)
			ReleaseScriptCaches (0ms)
			RebuildScriptCaches (43ms)
			SetupLoadedEditorAssemblies (377ms)
				LogAssemblyErrors (0ms)
				InitializePlatformSupportModulesInManaged (4ms)
				SetLoadedEditorAssemblies (0ms)
				RefreshPlugins (1ms)
				BeforeProcessingInitializeOnLoad (86ms)
				ProcessInitializeOnLoadAttributes (232ms)
				ProcessInitializeOnLoadMethodAttributes (47ms)
				AfterProcessingInitializeOnLoad (5ms)
				EditorAssembliesLoaded (0ms)
			ExecutionOrderSort2 (0ms)
			AwakeInstancesAfterBackupRestoration (6ms)
Platform modules already initialized, skipping
========================================================================
Worker process is ready to serve import requests
Launched and connected shader compiler UnityShaderCompiler.exe after 0.03 seconds
Refreshing native plugins compatible for Editor in 0.66 ms, found 2 plugins.
Preloading 0 native plugins for Editor in 0.00 ms.
Unloading 2195 Unused Serialized files (Serialized files now loaded: 0)
System memory in use before: 90.2 MB.
System memory in use after: 90.3 MB.

Unloading 58 unused Assets to reduce memory usage. Loaded Objects now: 2600.
Total: 6.323900 ms (FindLiveObjects: 0.155400 ms CreateObjectMapping: 0.078400 ms MarkObjects: 6.019600 ms  DeleteObjects: 0.069200 ms)

AssetImportParameters requested are different than current active one (requested -> active):
  custom:framework-win-MediaFoundation: 216162199b28c13a410421893ffa2e32 -> 
  custom:video-decoder-ogg-theora: a1e56fd34408186e4bbccfd4996cb3dc -> 
  custom:container-muxer-webm: aa71ff27fc2769a1b78a27578f13a17b -> 
  custom:container-demuxer-webm: 4f35f7cbe854078d1ac9338744f61a02 -> 
  custom:container-demuxer-ogg: 62fdf1f143b41e24485cea50d1cbac27 -> 
  custom:video-encoder-webm-vp8: eb34c28f22e8b96e1ab97ce403110664 -> 
  custom:video-decoder-webm-vp8: 9c59270c3fd7afecdb556c50c9e8de78 -> 
  custom:audio-decoder-ogg-vorbis: bf7c407c2cedff20999df2af8eb42d56 -> 
  custom:audio-encoder-webm-vorbis: bf7c407c2cedff20999df2af8eb42d56 -> 
========================================================================
Received Import Request.
  path: Assets/Res/Model/Building/Scene_ITEM/Item_Desk.prefab
  artifactKey: Guid(1ad22edd3b2e7474c976e6978923a876) Importer(815301076,1909f56bfc062723c751e8b465ee728b)
Start importing Assets/Res/Model/Building/Scene_ITEM/Item_Desk.prefab using Guid(1ad22edd3b2e7474c976e6978923a876) Importer(815301076,1909f56bfc062723c751e8b465ee728b)  -> (artifact id: 'c7fb48d6370e7faf7dfae1a1598ddffd') in 0.133068 seconds 
  Import took 0.136201 seconds .

========================================================================
Received Import Request.
  Time since last request: 0.000207 seconds.
  path: Assets/Res/Model/Building/Scene_ITEM/Block_JiZhuangXiang 1.prefab
  artifactKey: Guid(465c1951aa18c8b4896ee13a0a034fcf) Importer(815301076,1909f56bfc062723c751e8b465ee728b)
Start importing Assets/Res/Model/Building/Scene_ITEM/Block_JiZhuangXiang 1.prefab using Guid(465c1951aa18c8b4896ee13a0a034fcf) Importer(815301076,1909f56bfc062723c751e8b465ee728b)  -> (artifact id: '02cae2b4d9a25a60106b6736cfb2dcfd') in 0.012934 seconds 
  Import took 0.015775 seconds .

========================================================================
Received Import Request.
  Time since last request: 0.000169 seconds.
  path: Assets/Res/Model/Building/Scene_ITEM/Block_JiZhuangXiang 3.prefab
  artifactKey: Guid(fa3fd8dbf8bbb7146a326e4c9dcd6da9) Importer(815301076,1909f56bfc062723c751e8b465ee728b)
Start importing Assets/Res/Model/Building/Scene_ITEM/Block_JiZhuangXiang 3.prefab using Guid(fa3fd8dbf8bbb7146a326e4c9dcd6da9) Importer(815301076,1909f56bfc062723c751e8b465ee728b)  -> (artifact id: '5f41e4468b1b4b06251c62d169902cb3') in 0.012063 seconds 
  Import took 0.014967 seconds .

========================================================================
Received Import Request.
  Time since last request: 0.000260 seconds.
  path: Assets/Res/Model/Building/Scene_ITEM/Item_Crosswalk.prefab
  artifactKey: Guid(e24faa59aae42ab459f1819c43f2c4e9) Importer(815301076,1909f56bfc062723c751e8b465ee728b)
Start importing Assets/Res/Model/Building/Scene_ITEM/Item_Crosswalk.prefab using Guid(e24faa59aae42ab459f1819c43f2c4e9) Importer(815301076,1909f56bfc062723c751e8b465ee728b)  -> (artifact id: 'ff57d0a7b07c326fc85de776515c50e2') in 0.019893 seconds 
  Import took 0.022772 seconds .

========================================================================
Received Import Request.
  Time since last request: 0.000230 seconds.
  path: Assets/Res/Model/Building/Scene_ITEM/Item_Cargoship 2.prefab
  artifactKey: Guid(5d2af5e428c47f5419b877c4c7d9e447) Importer(815301076,1909f56bfc062723c751e8b465ee728b)
Start importing Assets/Res/Model/Building/Scene_ITEM/Item_Cargoship 2.prefab using Guid(5d2af5e428c47f5419b877c4c7d9e447) Importer(815301076,1909f56bfc062723c751e8b465ee728b)  -> (artifact id: 'eb23bd2eba53aa41fefbfc0801a8b4c0') in 0.011852 seconds 
  Import took 0.014751 seconds .

========================================================================
Received Import Request.
  Time since last request: 0.000193 seconds.
  path: Assets/Res/Model/Building/Scene_ITEM/Item_DistributionBox.prefab
  artifactKey: Guid(53d5dc02d4cb3b341a1656b5562f6077) Importer(815301076,1909f56bfc062723c751e8b465ee728b)
Start importing Assets/Res/Model/Building/Scene_ITEM/Item_DistributionBox.prefab using Guid(53d5dc02d4cb3b341a1656b5562f6077) Importer(815301076,1909f56bfc062723c751e8b465ee728b)  -> (artifact id: '788107166a0e9629f2b467e220a404ae') in 0.021292 seconds 
  Import took 0.024106 seconds .

========================================================================
Received Import Request.
  Time since last request: 0.000199 seconds.
  path: Assets/Res/Model/Building/Scene_ITEM/Item_Fox.prefab
  artifactKey: Guid(16f4eebcfb5a6f0468a68fa9120cd19b) Importer(815301076,1909f56bfc062723c751e8b465ee728b)
Start importing Assets/Res/Model/Building/Scene_ITEM/Item_Fox.prefab using Guid(16f4eebcfb5a6f0468a68fa9120cd19b) Importer(815301076,1909f56bfc062723c751e8b465ee728b)  -> (artifact id: 'c912eab319bd39042af8bb67a2f43a46') in 0.019578 seconds 
  Import took 0.022605 seconds .

========================================================================
Received Import Request.
  Time since last request: 0.000188 seconds.
  path: Assets/Res/Model/Building/Scene_ITEM/Item_Goal.prefab
  artifactKey: Guid(bd171ed2990eba640ad32582b43a82bc) Importer(815301076,1909f56bfc062723c751e8b465ee728b)
Start importing Assets/Res/Model/Building/Scene_ITEM/Item_Goal.prefab using Guid(bd171ed2990eba640ad32582b43a82bc) Importer(815301076,1909f56bfc062723c751e8b465ee728b)  -> (artifact id: '97659d194980a49f1644ad92a479cf16') in 0.012253 seconds 
  Import took 0.015234 seconds .

========================================================================
Received Import Request.
  Time since last request: 0.000170 seconds.
  path: Assets/Res/Model/Building/Scene_ITEM/Item_Airconditioner.prefab
  artifactKey: Guid(961be24fa880cc146aec06caa719d473) Importer(815301076,1909f56bfc062723c751e8b465ee728b)
Start importing Assets/Res/Model/Building/Scene_ITEM/Item_Airconditioner.prefab using Guid(961be24fa880cc146aec06caa719d473) Importer(815301076,1909f56bfc062723c751e8b465ee728b)  -> (artifact id: '03568bca91514fdcb97bb9f9e532d671') in 0.018803 seconds 
  Import took 0.021721 seconds .

========================================================================
Received Import Request.
  Time since last request: 0.000189 seconds.
  path: Assets/Res/Model/Building/Scene_ITEM/Item_Barbedwire_C.prefab
  artifactKey: Guid(6b28a28a946d710488b18d955402f065) Importer(815301076,1909f56bfc062723c751e8b465ee728b)
Start importing Assets/Res/Model/Building/Scene_ITEM/Item_Barbedwire_C.prefab using Guid(6b28a28a946d710488b18d955402f065) Importer(815301076,1909f56bfc062723c751e8b465ee728b)  -> (artifact id: '19d27ee2aa3dc2d715374c33be883fcd') in 0.019891 seconds 
  Import took 0.022797 seconds .

========================================================================
Received Import Request.
  Time since last request: 0.000200 seconds.
  path: Assets/Res/Model/Building/Scene_ITEM/Item_Barrel.prefab
  artifactKey: Guid(d3b162ebdae5b5f4ea20ec4fafbade92) Importer(815301076,1909f56bfc062723c751e8b465ee728b)
Start importing Assets/Res/Model/Building/Scene_ITEM/Item_Barrel.prefab using Guid(d3b162ebdae5b5f4ea20ec4fafbade92) Importer(815301076,1909f56bfc062723c751e8b465ee728b)  -> (artifact id: '59354097b8ea196bd07aab533c19aa5c') in 0.020059 seconds 
  Import took 0.023124 seconds .

========================================================================
Received Import Request.
  Time since last request: 0.000180 seconds.
  path: Assets/Res/Model/Building/Scene_ITEM/Item_DiaoChe.prefab
  artifactKey: Guid(3042ca6795368c445b101f16c5e67544) Importer(815301076,1909f56bfc062723c751e8b465ee728b)
Start importing Assets/Res/Model/Building/Scene_ITEM/Item_DiaoChe.prefab using Guid(3042ca6795368c445b101f16c5e67544) Importer(815301076,1909f56bfc062723c751e8b465ee728b)  -> (artifact id: 'b6d25a19247b3ae8d0a1fe6afffb9d45') in 0.012784 seconds 
  Import took 0.015683 seconds .

========================================================================
Received Import Request.
  Time since last request: 0.000181 seconds.
  path: Assets/Res/Model/Building/Scene_ITEM/Item_Graffiti_bomb.prefab
  artifactKey: Guid(bf329a0c9fe033c4baef7846efadce51) Importer(815301076,1909f56bfc062723c751e8b465ee728b)
Start importing Assets/Res/Model/Building/Scene_ITEM/Item_Graffiti_bomb.prefab using Guid(bf329a0c9fe033c4baef7846efadce51) Importer(815301076,1909f56bfc062723c751e8b465ee728b)  -> (artifact id: '15ada5f31c76200a688dd872a2393fab') in 0.018362 seconds 
  Import took 0.021230 seconds .

========================================================================
Received Import Request.
  Time since last request: 0.000182 seconds.
  path: Assets/Res/Model/Building/Scene_ITEM/Item_Crosswalks.prefab
  artifactKey: Guid(38f86d092f9a61046983a79139200e4d) Importer(815301076,1909f56bfc062723c751e8b465ee728b)
Start importing Assets/Res/Model/Building/Scene_ITEM/Item_Crosswalks.prefab using Guid(38f86d092f9a61046983a79139200e4d) Importer(815301076,1909f56bfc062723c751e8b465ee728b)  -> (artifact id: '0b64681d3fa21a61627ed8fee6284c92') in 0.018218 seconds 
  Import took 0.021322 seconds .

========================================================================
Received Import Request.
  Time since last request: 0.000182 seconds.
  path: Assets/Res/Model/Building/Scene_ITEM/Block_JiZhuangXiang.prefab
  artifactKey: Guid(b72155aadd2e6194fbb52977c50a4d62) Importer(815301076,1909f56bfc062723c751e8b465ee728b)
Start importing Assets/Res/Model/Building/Scene_ITEM/Block_JiZhuangXiang.prefab using Guid(b72155aadd2e6194fbb52977c50a4d62) Importer(815301076,1909f56bfc062723c751e8b465ee728b)  -> (artifact id: 'acaa3a8597aa150f742e21042b40b5ed') in 0.010669 seconds 
  Import took 0.014189 seconds .

========================================================================
Received Import Request.
  Time since last request: 0.000189 seconds.
  path: Assets/Res/Model/Building/Scene_ITEM/Item_Bins.prefab
  artifactKey: Guid(e9fb472ca903aed4bb09c4292aa7eb25) Importer(815301076,1909f56bfc062723c751e8b465ee728b)
Start importing Assets/Res/Model/Building/Scene_ITEM/Item_Bins.prefab using Guid(e9fb472ca903aed4bb09c4292aa7eb25) Importer(815301076,1909f56bfc062723c751e8b465ee728b)  -> (artifact id: '64bff169f2d96ec96669a3f2eead1125') in 0.019174 seconds 
  Import took 0.022159 seconds .

========================================================================
Received Import Request.
  Time since last request: 0.000183 seconds.
  path: Assets/Res/Model/Building/Scene_ITEM/Item_Barbedwire_V.prefab
  artifactKey: Guid(014776218b37c08468fd671eed05b99e) Importer(815301076,1909f56bfc062723c751e8b465ee728b)
Start importing Assets/Res/Model/Building/Scene_ITEM/Item_Barbedwire_V.prefab using Guid(014776218b37c08468fd671eed05b99e) Importer(815301076,1909f56bfc062723c751e8b465ee728b)  -> (artifact id: '68ed950ee46b7d214906cb64eccf0904') in 0.018665 seconds 
  Import took 0.021539 seconds .

========================================================================
Received Import Request.
  Time since last request: 0.000175 seconds.
  path: Assets/Res/Model/Building/Scene_ITEM/Block_JiZhuangXiang 2.prefab
  artifactKey: Guid(177577dd87fc4994ab4cc9b246fdbd79) Importer(815301076,1909f56bfc062723c751e8b465ee728b)
Start importing Assets/Res/Model/Building/Scene_ITEM/Block_JiZhuangXiang 2.prefab using Guid(177577dd87fc4994ab4cc9b246fdbd79) Importer(815301076,1909f56bfc062723c751e8b465ee728b)  -> (artifact id: '2616d5e6bbc882d40decb076c9c67e06') in 0.011288 seconds 
  Import took 0.014412 seconds .

========================================================================
Received Import Request.
  Time since last request: 0.353735 seconds.
  path: Assets/Scenes
  artifactKey: Guid(9a9da82ab6e6fd342810258634ba3a13) Importer(815301076,1909f56bfc062723c751e8b465ee728b)
Start importing Assets/Scenes using Guid(9a9da82ab6e6fd342810258634ba3a13) Importer(815301076,1909f56bfc062723c751e8b465ee728b)  -> (artifact id: 'ce03a2c1edfa8326db6393755e1dd9a2') in 0.002077 seconds 
  Import took 0.005197 seconds .

========================================================================
Received Import Request.
  Time since last request: 1.894069 seconds.
  path: Assets/Scenes/00-Init.unity
  artifactKey: Guid(b08c5545f40ff9a4585dabf849b138f8) Importer(815301076,1909f56bfc062723c751e8b465ee728b)
Start importing Assets/Scenes/00-Init.unity using Guid(b08c5545f40ff9a4585dabf849b138f8) Importer(815301076,1909f56bfc062723c751e8b465ee728b)  -> (artifact id: 'c8eb3a823ade7cbc1a447718a95202e0') in 0.023878 seconds 
  Import took 0.027324 seconds .

========================================================================
Received Import Request.
  Time since last request: 9.357292 seconds.
  path: Assets/Res/Effect/Effect/FX_QiuZhuan.prefab
  artifactKey: Guid(721d6d16f27dd58418fdf4165d04c882) Importer(815301076,1909f56bfc062723c751e8b465ee728b)
Start importing Assets/Res/Effect/Effect/FX_QiuZhuan.prefab using Guid(721d6d16f27dd58418fdf4165d04c882) Importer(815301076,1909f56bfc062723c751e8b465ee728b)  -> (artifact id: 'd092d64d2781939a5d15a93cd7404422') in 0.083836 seconds 
  Import took 0.087400 seconds .

========================================================================
Received Import Request.
  Time since last request: 0.000222 seconds.
  path: Assets/Res/Effect/Effect/UI_HuaDong_R.prefab
  artifactKey: Guid(9b360a71832b23b49940739d573b75c0) Importer(815301076,1909f56bfc062723c751e8b465ee728b)
Start importing Assets/Res/Effect/Effect/UI_HuaDong_R.prefab using Guid(9b360a71832b23b49940739d573b75c0) Importer(815301076,1909f56bfc062723c751e8b465ee728b)  -> (artifact id: '8b5ec978b19f4380aeea85e3015d42d4') in 0.010162 seconds 
  Import took 0.013680 seconds .

========================================================================
Received Import Request.
  Time since last request: 0.000254 seconds.
  path: Assets/Res/Effect/Effect/FX_TuoWei_01.prefab
  artifactKey: Guid(35820d589eff9474088e6ae9bd7946d0) Importer(815301076,1909f56bfc062723c751e8b465ee728b)
Start importing Assets/Res/Effect/Effect/FX_TuoWei_01.prefab using Guid(35820d589eff9474088e6ae9bd7946d0) Importer(815301076,1909f56bfc062723c751e8b465ee728b)  -> (artifact id: '97974320d0d1eca77bec63ae4954dd53') in 0.035137 seconds 
  Import took 0.038950 seconds .

========================================================================
Received Import Request.
  Time since last request: 0.000275 seconds.
  path: Assets/Res/Effect/Effect/UI_ShengJiWenZi.prefab
  artifactKey: Guid(c6b9e97662b55d74db719fecefa8bf4a) Importer(815301076,1909f56bfc062723c751e8b465ee728b)
Start importing Assets/Res/Effect/Effect/UI_ShengJiWenZi.prefab using Guid(c6b9e97662b55d74db719fecefa8bf4a) Importer(815301076,1909f56bfc062723c751e8b465ee728b)  -> (artifact id: '8413e762f34bea190610f86ef75260ef') in 0.011104 seconds 
  Import took 0.015067 seconds .

========================================================================
Received Import Request.
  Time since last request: 0.000236 seconds.
  path: Assets/Res/Effect/Effect/FX_ZhuangJi.prefab
  artifactKey: Guid(0805a55368943b94fb89ba9cd6a9a11b) Importer(815301076,1909f56bfc062723c751e8b465ee728b)
Start importing Assets/Res/Effect/Effect/FX_ZhuangJi.prefab using Guid(0805a55368943b94fb89ba9cd6a9a11b) Importer(815301076,1909f56bfc062723c751e8b465ee728b)  -> (artifact id: '8b4adc0efdbc44784e0aefa7f1f1ac3a') in 0.013032 seconds 
  Import took 0.016429 seconds .

========================================================================
Received Import Request.
  Time since last request: 0.000200 seconds.
  path: Assets/Res/Effect/Effect/UI_HuaDong_D.prefab
  artifactKey: Guid(8ee050c4c0c07db43b3d66c8bd569e41) Importer(815301076,1909f56bfc062723c751e8b465ee728b)
Start importing Assets/Res/Effect/Effect/UI_HuaDong_D.prefab using Guid(8ee050c4c0c07db43b3d66c8bd569e41) Importer(815301076,1909f56bfc062723c751e8b465ee728b)  -> (artifact id: '85b30dd061b06d677ca7b061155fb6fe') in 0.009705 seconds 
  Import took 0.013059 seconds .

========================================================================
Received Import Request.
  Time since last request: 0.000245 seconds.
  path: Assets/Res/Effect/Effect/UI_HuaDong_L.prefab
  artifactKey: Guid(04c75609a04fb4f4ba022ce7d9c32550) Importer(815301076,1909f56bfc062723c751e8b465ee728b)
Start importing Assets/Res/Effect/Effect/UI_HuaDong_L.prefab using Guid(04c75609a04fb4f4ba022ce7d9c32550) Importer(815301076,1909f56bfc062723c751e8b465ee728b)  -> (artifact id: '6364ac1aded29c57911a08cada552c57') in 0.010997 seconds 
  Import took 0.014289 seconds .

========================================================================
Received Import Request.
  Time since last request: 0.000275 seconds.
  path: Assets/Res/Effect/Effect/UI_XinShouYinDao.prefab
  artifactKey: Guid(f6622e8decb558c4f91e32b549b425d6) Importer(815301076,1909f56bfc062723c751e8b465ee728b)
Start importing Assets/Res/Effect/Effect/UI_XinShouYinDao.prefab using Guid(f6622e8decb558c4f91e32b549b425d6) Importer(815301076,1909f56bfc062723c751e8b465ee728b)  -> (artifact id: '6d2e2ff930e99ee7c3c2eeb35da259b0') in 0.009248 seconds 
  Import took 0.012612 seconds .

========================================================================
Received Import Request.
  Time since last request: 0.000200 seconds.
  path: Assets/Res/Effect/Effect/UI_ZuiJiaJiLu.prefab
  artifactKey: Guid(10ff379250ce6144ea570fc54107f5de) Importer(815301076,1909f56bfc062723c751e8b465ee728b)
Start importing Assets/Res/Effect/Effect/UI_ZuiJiaJiLu.prefab using Guid(10ff379250ce6144ea570fc54107f5de) Importer(815301076,1909f56bfc062723c751e8b465ee728b)  -> (artifact id: 'e97604d852608b8d776e9f1ad62ffd2f') in 0.014692 seconds 
  Import took 0.018850 seconds .

========================================================================
Received Import Request.
  Time since last request: 0.000218 seconds.
  path: Assets/Res/Effect/Effect/FX_XingXing.prefab
  artifactKey: Guid(b90b3c1def3a48a48be5d133eef47e11) Importer(815301076,1909f56bfc062723c751e8b465ee728b)
Start importing Assets/Res/Effect/Effect/FX_XingXing.prefab using Guid(b90b3c1def3a48a48be5d133eef47e11) Importer(815301076,1909f56bfc062723c751e8b465ee728b)  -> (artifact id: 'f34c3f551c713f2e69c1a9f9835f43c2') in 0.008863 seconds 
  Import took 0.012378 seconds .

========================================================================
Received Import Request.
  Time since last request: 0.000236 seconds.
  path: Assets/Res/Effect/Effect/UI_PaiHangBang.prefab
  artifactKey: Guid(f7b78713eec197642b8b83410d760a40) Importer(815301076,1909f56bfc062723c751e8b465ee728b)
Start importing Assets/Res/Effect/Effect/UI_PaiHangBang.prefab using Guid(f7b78713eec197642b8b83410d760a40) Importer(815301076,1909f56bfc062723c751e8b465ee728b)  -> (artifact id: 'fb782703af47dffb789d4e145a6da525') in 0.032470 seconds 
  Import took 0.036019 seconds .

========================================================================
Received Import Request.
  Time since last request: 0.000265 seconds.
  path: Assets/Res/Effect/Effect/FX_TuoWei_02.prefab
  artifactKey: Guid(7c7f35ebde73b464792d6a60a5103be5) Importer(815301076,1909f56bfc062723c751e8b465ee728b)
Start importing Assets/Res/Effect/Effect/FX_TuoWei_02.prefab using Guid(7c7f35ebde73b464792d6a60a5103be5) Importer(815301076,1909f56bfc062723c751e8b465ee728b)  -> (artifact id: 'f29a07c923769751436e19e384e7ea1d') in 0.012422 seconds 
  Import took 0.016015 seconds .

========================================================================
Received Import Request.
  Time since last request: 0.000170 seconds.
  path: Assets/Res/Effect/Effect/UI_HuaDong_U.prefab
  artifactKey: Guid(97324d4574677cf43a91a6d169fb5baa) Importer(815301076,1909f56bfc062723c751e8b465ee728b)
Start importing Assets/Res/Effect/Effect/UI_HuaDong_U.prefab using Guid(97324d4574677cf43a91a6d169fb5baa) Importer(815301076,1909f56bfc062723c751e8b465ee728b)  -> (artifact id: '4c2e633a4e8ddacfdc7d4b19a26697ea') in 0.009132 seconds 
  Import took 0.012773 seconds .

========================================================================
Received Import Request.
  Time since last request: 15.895085 seconds.
  path: Assets/Res/Effect/Effect/FX_GOAL.prefab
  artifactKey: Guid(7773adb9af349644a892f8b50f20e2be) Importer(815301076,1909f56bfc062723c751e8b465ee728b)
Start importing Assets/Res/Effect/Effect/FX_GOAL.prefab using Guid(7773adb9af349644a892f8b50f20e2be) Importer(815301076,1909f56bfc062723c751e8b465ee728b)  -> (artifact id: '437af25f110c64f52df8ccdb1a3f1835') in 0.035147 seconds 
  Import took 0.039101 seconds .

========================================================================
Received Import Request.
  Time since last request: 0.000286 seconds.
  path: Assets/Res/Effect/Effect/FX_JinBi.prefab
  artifactKey: Guid(294a94acac26d1449a4452941545cece) Importer(815301076,1909f56bfc062723c751e8b465ee728b)
Start importing Assets/Res/Effect/Effect/FX_JinBi.prefab using Guid(294a94acac26d1449a4452941545cece) Importer(815301076,1909f56bfc062723c751e8b465ee728b)  -> (artifact id: '0393fdfaf3ea5ab64b317802ce0db43b') in 0.010340 seconds 
  Import took 0.013737 seconds .

========================================================================
Received Import Request.
  Time since last request: 0.000266 seconds.
  path: Assets/Res/Effect/Effect/FX_JiaShi.prefab
  artifactKey: Guid(477132a8ef5a6416497a1009f456de03) Importer(815301076,1909f56bfc062723c751e8b465ee728b)
Start importing Assets/Res/Effect/Effect/FX_JiaShi.prefab using Guid(477132a8ef5a6416497a1009f456de03) Importer(815301076,1909f56bfc062723c751e8b465ee728b)  -> (artifact id: 'e8baafdac947f3cff96a2e09c9b10442') in 0.012553 seconds 
  Import took 0.016204 seconds .

========================================================================
Received Import Request.
  Time since last request: 0.000266 seconds.
  path: Assets/Res/Effect/Effect/FX_GuangZhao.prefab
  artifactKey: Guid(c5b2ad881468e424fa41455bfcf4f0f3) Importer(815301076,1909f56bfc062723c751e8b465ee728b)
Start importing Assets/Res/Effect/Effect/FX_GuangZhao.prefab using Guid(c5b2ad881468e424fa41455bfcf4f0f3) Importer(815301076,1909f56bfc062723c751e8b465ee728b)  -> (artifact id: 'e8cf0d1a6a6c7c045d6a7b4b9c961b5f') in 0.010348 seconds 
  Import took 0.014113 seconds .

========================================================================
Received Import Request.
  Time since last request: 0.000258 seconds.
  path: Assets/Res/Effect/Effect/FX_JiaSu.prefab
  artifactKey: Guid(d5daae7d8e1410b40af8a1e4743a4046) Importer(815301076,1909f56bfc062723c751e8b465ee728b)
Start importing Assets/Res/Effect/Effect/FX_JiaSu.prefab using Guid(d5daae7d8e1410b40af8a1e4743a4046) Importer(815301076,1909f56bfc062723c751e8b465ee728b)  -> (artifact id: '3d7d85490b19ecac33693ec790630ca5') in 0.012212 seconds 
  Import took 0.015966 seconds .

========================================================================
Received Import Request.
  Time since last request: 8.529071 seconds.
  path: Assets/Scenes/01-MainMenu.unity
  artifactKey: Guid(fef7fab4be869ea4c82b640b5c6335b0) Importer(815301076,1909f56bfc062723c751e8b465ee728b)
Start importing Assets/Scenes/01-MainMenu.unity using Guid(fef7fab4be869ea4c82b640b5c6335b0) Importer(815301076,1909f56bfc062723c751e8b465ee728b)  -> (artifact id: '216e9670894af2fc2e4eff856cb660db') in 0.023633 seconds 
  Import took 0.026661 seconds .

========================================================================
Received Prepare
Registering precompiled user dll's ...
Registered in 0.005025 seconds.
OnLevelWasLoaded was found on Game
This message has been deprecated and will be removed in a later version of Unity.
Add a delegate to SceneManager.sceneLoaded instead to get notifications after scene loading has completed
Begin MonoManager ReloadAssembly
OnLevelWasLoaded was found on Game
This message has been deprecated and will be removed in a later version of Unity.
Add a delegate to SceneManager.sceneLoaded instead to get notifications after scene loading has completed
Native extension for WindowsStandalone target not found
Refreshing native plugins compatible for Editor in 0.68 ms, found 2 plugins.
Preloading 0 native plugins for Editor in 0.00 ms.
Mono: successfully reloaded assembly
- Completed reload, in  0.977 seconds
Domain Reload Profiling:
	ReloadAssembly (978ms)
		BeginReloadAssembly (93ms)
			ExecutionOrderSort (0ms)
			DisableScriptedObjects (5ms)
			BackupInstance (0ms)
			ReleaseScriptingObjects (0ms)
			CreateAndSetChildDomain (30ms)
		EndReloadAssembly (830ms)
			LoadAssemblies (75ms)
			RebuildTransferFunctionScriptingTraits (0ms)
			SetupTypeCache (264ms)
			ReleaseScriptCaches (1ms)
			RebuildScriptCaches (43ms)
			SetupLoadedEditorAssemblies (344ms)
				LogAssemblyErrors (0ms)
				InitializePlatformSupportModulesInManaged (4ms)
				SetLoadedEditorAssemblies (0ms)
				RefreshPlugins (1ms)
				BeforeProcessingInitializeOnLoad (92ms)
				ProcessInitializeOnLoadAttributes (203ms)
				ProcessInitializeOnLoadMethodAttributes (38ms)
				AfterProcessingInitializeOnLoad (6ms)
				EditorAssembliesLoaded (0ms)
			ExecutionOrderSort2 (0ms)
			AwakeInstancesAfterBackupRestoration (6ms)
Platform modules already initialized, skipping
Switching build target platform(19) subTarget(0) extendedPlatform(0) -> platform(13) subTarget(589824) extendedPlatform(0)
Refreshing native plugins compatible for Editor in 0.68 ms, found 2 plugins.
Preloading 0 native plugins for Editor in 0.00 ms.
Unloading 2188 Unused Serialized files (Serialized files now loaded: 0)
System memory in use before: 93.0 MB.
System memory in use after: 93.1 MB.

Unloading 49 unused Assets to reduce memory usage. Loaded Objects now: 2614.
Total: 5.701600 ms (FindLiveObjects: 0.148100 ms CreateObjectMapping: 0.078200 ms MarkObjects: 5.448500 ms  DeleteObjects: 0.025800 ms)

AssetImportParameters requested are different than current active one (requested -> active):
  custom:framework-win-MediaFoundation: 216162199b28c13a410421893ffa2e32 -> 
  custom:video-decoder-ogg-theora: a1e56fd34408186e4bbccfd4996cb3dc -> 
  custom:container-muxer-webm: aa71ff27fc2769a1b78a27578f13a17b -> 
  custom:container-demuxer-webm: 4f35f7cbe854078d1ac9338744f61a02 -> 
  custom:container-demuxer-ogg: 62fdf1f143b41e24485cea50d1cbac27 -> 
  custom:video-encoder-webm-vp8: eb34c28f22e8b96e1ab97ce403110664 -> 
  custom:video-decoder-webm-vp8: 9c59270c3fd7afecdb556c50c9e8de78 -> 
  custom:graphics/normal-map-encoding: 01000000000000000000000000000000 -> 02000000000000000000000000000000
  custom:audio-decoder-ogg-vorbis: bf7c407c2cedff20999df2af8eb42d56 -> 
  custom:audio-encoder-webm-vorbis: bf7c407c2cedff20999df2af8eb42d56 -> 
========================================================================
Received Import Request.
  Time since last request: 189.746928 seconds.
  path: Assets/Scripts
  artifactKey: Guid(184b4ab6aa68a80409ebfb7136b6ab52) Importer(815301076,1909f56bfc062723c751e8b465ee728b)
Start importing Assets/Scripts using Guid(184b4ab6aa68a80409ebfb7136b6ab52) Importer(815301076,1909f56bfc062723c751e8b465ee728b)  -> (artifact id: '8f80c3d95e8aad101c6a442263ca778d') in 0.006352 seconds 
  Import took 0.009856 seconds .

========================================================================
Received Prepare
Registering precompiled user dll's ...
Registered in 0.002913 seconds.
Begin MonoManager ReloadAssembly
Native extension for WindowsStandalone target not found
Refreshing native plugins compatible for Editor in 0.69 ms, found 2 plugins.
Preloading 0 native plugins for Editor in 0.00 ms.
Mono: successfully reloaded assembly
- Completed reload, in  0.973 seconds
Domain Reload Profiling:
	ReloadAssembly (973ms)
		BeginReloadAssembly (92ms)
			ExecutionOrderSort (0ms)
			DisableScriptedObjects (5ms)
			BackupInstance (0ms)
			ReleaseScriptingObjects (0ms)
			CreateAndSetChildDomain (30ms)
		EndReloadAssembly (826ms)
			LoadAssemblies (77ms)
			RebuildTransferFunctionScriptingTraits (0ms)
			SetupTypeCache (259ms)
			ReleaseScriptCaches (1ms)
			RebuildScriptCaches (41ms)
			SetupLoadedEditorAssemblies (349ms)
				LogAssemblyErrors (0ms)
				InitializePlatformSupportModulesInManaged (4ms)
				SetLoadedEditorAssemblies (0ms)
				RefreshPlugins (1ms)
				BeforeProcessingInitializeOnLoad (81ms)
				ProcessInitializeOnLoadAttributes (222ms)
				ProcessInitializeOnLoadMethodAttributes (35ms)
				AfterProcessingInitializeOnLoad (5ms)
				EditorAssembliesLoaded (0ms)
			ExecutionOrderSort2 (0ms)
			AwakeInstancesAfterBackupRestoration (6ms)
Platform modules already initialized, skipping
Switching build target platform(19) subTarget(0) extendedPlatform(0) -> platform(13) subTarget(589824) extendedPlatform(0)
Refreshing native plugins compatible for Editor in 0.70 ms, found 2 plugins.
Preloading 0 native plugins for Editor in 0.00 ms.
Unloading 2119 Unused Serialized files (Serialized files now loaded: 0)
System memory in use before: 91.6 MB.
System memory in use after: 91.7 MB.

Unloading 49 unused Assets to reduce memory usage. Loaded Objects now: 2616.
Total: 5.599300 ms (FindLiveObjects: 0.151400 ms CreateObjectMapping: 0.075700 ms MarkObjects: 5.346900 ms  DeleteObjects: 0.023700 ms)

AssetImportParameters requested are different than current active one (requested -> active):
  custom:framework-win-MediaFoundation: 216162199b28c13a410421893ffa2e32 -> 
  custom:video-decoder-ogg-theora: a1e56fd34408186e4bbccfd4996cb3dc -> 
  custom:container-muxer-webm: aa71ff27fc2769a1b78a27578f13a17b -> 
  custom:container-demuxer-webm: 4f35f7cbe854078d1ac9338744f61a02 -> 
  custom:container-demuxer-ogg: 62fdf1f143b41e24485cea50d1cbac27 -> 
  custom:video-encoder-webm-vp8: eb34c28f22e8b96e1ab97ce403110664 -> 
  custom:video-decoder-webm-vp8: 9c59270c3fd7afecdb556c50c9e8de78 -> 
  custom:graphics/normal-map-encoding: 01000000000000000000000000000000 -> 02000000000000000000000000000000
  custom:audio-decoder-ogg-vorbis: bf7c407c2cedff20999df2af8eb42d56 -> 
  custom:audio-encoder-webm-vorbis: bf7c407c2cedff20999df2af8eb42d56 -> 
========================================================================
Received Import Request.
  Time since last request: 8.101354 seconds.
  path: Assets/Resources
  artifactKey: Guid(625eb932915a8914c8af7d7ed79e1638) Importer(815301076,1909f56bfc062723c751e8b465ee728b)
Start importing Assets/Resources using Guid(625eb932915a8914c8af7d7ed79e1638) Importer(815301076,1909f56bfc062723c751e8b465ee728b)  -> (artifact id: '6ec427dd7fb73fd45302ef9746a0bc69') in 0.004603 seconds 
  Import took 0.007554 seconds .

========================================================================
Received Import Request.
  Time since last request: 0.828145 seconds.
  path: Assets/Res
  artifactKey: Guid(83b8b537b3d2be340b88fc84b30352a2) Importer(815301076,1909f56bfc062723c751e8b465ee728b)
Start importing Assets/Res using Guid(83b8b537b3d2be340b88fc84b30352a2) Importer(815301076,1909f56bfc062723c751e8b465ee728b)  -> (artifact id: 'b897e610492fcd6a500e5730c5d5c8ae') in 0.002559 seconds 
  Import took 0.005999 seconds .

========================================================================
Received Import Request.
  Time since last request: 4.462759 seconds.
  path: Assets/Scenes/04-Game
  artifactKey: Guid(9574ab68b96cb72418e4d29db58401ad) Importer(815301076,1909f56bfc062723c751e8b465ee728b)
Start importing Assets/Scenes/04-Game using Guid(9574ab68b96cb72418e4d29db58401ad) Importer(815301076,1909f56bfc062723c751e8b465ee728b)  -> (artifact id: 'd0b994a8b0b426947082bb72ee7c38af') in 0.002261 seconds 
  Import took 0.005431 seconds .

========================================================================
Received Import Request.
  Time since last request: 0.054700 seconds.
  path: Assets/Scenes/04-Game/LightingData.asset
  artifactKey: Guid(bf355418c9fe9d24085f659fc8c06fac) Importer(815301076,1909f56bfc062723c751e8b465ee728b)
Start importing Assets/Scenes/04-Game/LightingData.asset using Guid(bf355418c9fe9d24085f659fc8c06fac) Importer(815301076,1909f56bfc062723c751e8b465ee728b)  -> (artifact id: '606e776d777477cb3d6dae88f11eb48e') in 0.037057 seconds 
  Import took 0.040248 seconds .

========================================================================
Received Import Request.
  Time since last request: 0.000285 seconds.
  path: Assets/Scenes/04-Game/ReflectionProbe-0.exr
  artifactKey: Guid(a57d4b6d471f3db4bae31ee4f53eb812) Importer(815301076,1909f56bfc062723c751e8b465ee728b)
Start importing Assets/Scenes/04-Game/ReflectionProbe-0.exr using Guid(a57d4b6d471f3db4bae31ee4f53eb812) Importer(815301076,1909f56bfc062723c751e8b465ee728b)  -> (artifact id: 'ddbabf1d87f01fb991f2f7bcf3daaef4') in 0.074393 seconds 
  Import took 0.078038 seconds .

========================================================================
Received Import Request.
  Time since last request: 3.569664 seconds.
  path: Assets/Scenes/etc
  artifactKey: Guid(fe3b1c1546e7de3409422190caf5a0c6) Importer(815301076,1909f56bfc062723c751e8b465ee728b)
Start importing Assets/Scenes/etc using Guid(fe3b1c1546e7de3409422190caf5a0c6) Importer(815301076,1909f56bfc062723c751e8b465ee728b)  -> (artifact id: 'b4df3efab6247355432a33bfe21966e6') in 0.002127 seconds 
  Import took 0.005343 seconds .

========================================================================
Received Import Request.
  Time since last request: 6.652886 seconds.
  path: Assets/Scenes/New Scene.unity
  artifactKey: Guid(c6c80d0f3967bc747a6bcf89a0cb1cf2) Importer(815301076,1909f56bfc062723c751e8b465ee728b)
Start importing Assets/Scenes/New Scene.unity using Guid(c6c80d0f3967bc747a6bcf89a0cb1cf2) Importer(815301076,1909f56bfc062723c751e8b465ee728b)  -> (artifact id: '68f6225b01ff999738d36fa2a085d7da') in 0.002359 seconds 
  Import took 0.005363 seconds .

========================================================================
Received Import Request.
  Time since last request: 168.916307 seconds.
  path: Assets
  artifactKey: Guid(00000000000000001000000000000000) Importer(815301076,1909f56bfc062723c751e8b465ee728b)
Start importing Assets using Guid(00000000000000001000000000000000) Importer(815301076,1909f56bfc062723c751e8b465ee728b)  -> (artifact id: '42d402b061de3733987d63b9cc3b64de') in 0.002094 seconds 
  Import took 0.005229 seconds .

========================================================================
Received Import Request.
  Time since last request: 7.661103 seconds.
  path: Assets/Application
  artifactKey: Guid(cf69f6b53c53d6240a304793bfea3d66) Importer(815301076,1909f56bfc062723c751e8b465ee728b)
Start importing Assets/Application using Guid(cf69f6b53c53d6240a304793bfea3d66) Importer(815301076,1909f56bfc062723c751e8b465ee728b)  -> (artifact id: '35b02fa28dad614561a15ca6fef573a8') in 0.002078 seconds 
  Import took 0.005355 seconds .

========================================================================
Received Import Request.
  Time since last request: 7.433929 seconds.
  path: Assets/Application/Model
  artifactKey: Guid(9a96a371258d69f4e8b10945497d4ce8) Importer(815301076,1909f56bfc062723c751e8b465ee728b)
Start importing Assets/Application/Model using Guid(9a96a371258d69f4e8b10945497d4ce8) Importer(815301076,1909f56bfc062723c751e8b465ee728b)  -> (artifact id: '183d28f66f909570fa6cd1b7f0758cb2') in 0.002185 seconds 
  Import took 0.005357 seconds .

========================================================================
Received Import Request.
  Time since last request: 4.345295 seconds.
  path: Assets/Application/View
  artifactKey: Guid(45d287f607f62fd49b70b5489add3c83) Importer(815301076,1909f56bfc062723c751e8b465ee728b)
Start importing Assets/Application/View using Guid(45d287f607f62fd49b70b5489add3c83) Importer(815301076,1909f56bfc062723c751e8b465ee728b)  -> (artifact id: 'ad5e8b9f1af5d6f992eb9090be3da797') in 0.002446 seconds 
  Import took 0.005591 seconds .

========================================================================
Received Import Request.
  Time since last request: 6.703589 seconds.
  path: Assets/Application/Controller
  artifactKey: Guid(1fcd219bd40933e4297a2e630f469c94) Importer(815301076,1909f56bfc062723c751e8b465ee728b)
Start importing Assets/Application/Controller using Guid(1fcd219bd40933e4297a2e630f469c94) Importer(815301076,1909f56bfc062723c751e8b465ee728b)  -> (artifact id: '3901daa02fcb5bb619bf007e092d61db') in 0.002001 seconds 
  Import took 0.005204 seconds .

========================================================================
Received Import Request.
  Time since last request: 13.733373 seconds.
  path: Assets/Scenes/00-Init.unity
  artifactKey: Guid(c6c80d0f3967bc747a6bcf89a0cb1cf2) Importer(815301076,1909f56bfc062723c751e8b465ee728b)
Start importing Assets/Scenes/00-Init.unity using Guid(c6c80d0f3967bc747a6bcf89a0cb1cf2) Importer(815301076,1909f56bfc062723c751e8b465ee728b)  -> (artifact id: '46b4e8080daeb404c82eb4c6019cc227') in 0.002998 seconds 
  Import took 0.006332 seconds .

========================================================================
Received Import Request.
  Time since last request: 13.316863 seconds.
  path: Assets/Scenes/00-Init 1.unity
  artifactKey: Guid(98259ae316c117b48885c02834561a8f) Importer(815301076,1909f56bfc062723c751e8b465ee728b)
Start importing Assets/Scenes/00-Init 1.unity using Guid(98259ae316c117b48885c02834561a8f) Importer(815301076,1909f56bfc062723c751e8b465ee728b)  -> (artifact id: '32eade295cce9ec92baa37e2471030f7') in 0.002371 seconds 
  Import took 0.006248 seconds .

========================================================================
Received Import Request.
  Time since last request: 12.270073 seconds.
  path: Assets/Scenes/01-MainMenu.unity
  artifactKey: Guid(98259ae316c117b48885c02834561a8f) Importer(815301076,1909f56bfc062723c751e8b465ee728b)
Start importing Assets/Scenes/01-MainMenu.unity using Guid(98259ae316c117b48885c02834561a8f) Importer(815301076,1909f56bfc062723c751e8b465ee728b)  -> (artifact id: 'dd4d667c4dc74499d05693e7070bfeac') in 0.002166 seconds 
  Import took 0.005288 seconds .

========================================================================
Received Import Request.
  Time since last request: 0.992109 seconds.
  path: Assets/Scenes/01-MainMenu 1.unity
  artifactKey: Guid(c969bffd69185bf46a25451b593c7d0e) Importer(815301076,1909f56bfc062723c751e8b465ee728b)
Start importing Assets/Scenes/01-MainMenu 1.unity using Guid(c969bffd69185bf46a25451b593c7d0e) Importer(815301076,1909f56bfc062723c751e8b465ee728b)  -> (artifact id: 'e967ce095a20f9721258e8bd30f6847f') in 0.002251 seconds 
  Import took 0.005327 seconds .

========================================================================
Received Import Request.
  Time since last request: 5.808064 seconds.
  path: Assets/Scenes/0.unity
  artifactKey: Guid(c969bffd69185bf46a25451b593c7d0e) Importer(815301076,1909f56bfc062723c751e8b465ee728b)
Start importing Assets/Scenes/0.unity using Guid(c969bffd69185bf46a25451b593c7d0e) Importer(815301076,1909f56bfc062723c751e8b465ee728b)  -> (artifact id: 'ed1d9d450f5103e6c009884606ffda58') in 0.002410 seconds 
  Import took 0.005839 seconds .

========================================================================
Received Import Request.
  Time since last request: 11.728383 seconds.
  path: Assets/Scenes/02_Shot.unity
  artifactKey: Guid(c969bffd69185bf46a25451b593c7d0e) Importer(815301076,1909f56bfc062723c751e8b465ee728b)
Start importing Assets/Scenes/02_Shot.unity using Guid(c969bffd69185bf46a25451b593c7d0e) Importer(815301076,1909f56bfc062723c751e8b465ee728b)  -> (artifact id: 'f75593e0d11a6e25d8856ab1fa78eace') in 0.002358 seconds 
  Import took 0.005446 seconds .

========================================================================
Received Import Request.
  Time since last request: 5.614028 seconds.
  path: Assets/Scenes/02_Shot 1.unity
  artifactKey: Guid(e6781eeaa04c3bb49aa848c0d3db09d0) Importer(815301076,1909f56bfc062723c751e8b465ee728b)
Start importing Assets/Scenes/02_Shot 1.unity using Guid(e6781eeaa04c3bb49aa848c0d3db09d0) Importer(815301076,1909f56bfc062723c751e8b465ee728b)  -> (artifact id: '93fbfe01df48502d58d5e5be3eb29857') in 0.002254 seconds 
  Import took 0.005460 seconds .

========================================================================
Received Import Request.
  Time since last request: 11.538891 seconds.
  path: Assets/Scenes/03-buyTools.unity
  artifactKey: Guid(e6781eeaa04c3bb49aa848c0d3db09d0) Importer(815301076,1909f56bfc062723c751e8b465ee728b)
Start importing Assets/Scenes/03-buyTools.unity using Guid(e6781eeaa04c3bb49aa848c0d3db09d0) Importer(815301076,1909f56bfc062723c751e8b465ee728b)  -> (artifact id: '96a7af65ae8c92c9f77dac79db5d0be1') in 0.002323 seconds 
  Import took 0.005449 seconds .

========================================================================
Received Import Request.
  Time since last request: 4.209307 seconds.
  path: Assets/Scenes/03-buyTools 1.unity
  artifactKey: Guid(88a159e90e4820f44811b5d7abf87bd5) Importer(815301076,1909f56bfc062723c751e8b465ee728b)
Start importing Assets/Scenes/03-buyTools 1.unity using Guid(88a159e90e4820f44811b5d7abf87bd5) Importer(815301076,1909f56bfc062723c751e8b465ee728b)  -> (artifact id: 'a49c374f9e6c55e8fdf696864a5c1b38') in 0.002708 seconds 
  Import took 0.006071 seconds .

========================================================================
Received Import Request.
  Time since last request: 8.224786 seconds.
  path: Assets/Scenes/04-Game.unity
  artifactKey: Guid(88a159e90e4820f44811b5d7abf87bd5) Importer(815301076,1909f56bfc062723c751e8b465ee728b)
Start importing Assets/Scenes/04-Game.unity using Guid(88a159e90e4820f44811b5d7abf87bd5) Importer(815301076,1909f56bfc062723c751e8b465ee728b)  -> (artifact id: '830875b9d380daa06a8389cf4f9b0d86') in 0.002270 seconds 
  Import took 0.005446 seconds .

========================================================================
Received Import Request.
  Time since last request: 99.821158 seconds.
  path: Assets/Scripts
  artifactKey: Guid(184b4ab6aa68a80409ebfb7136b6ab52) Importer(815301076,1909f56bfc062723c751e8b465ee728b)
Start importing Assets/Scripts using Guid(184b4ab6aa68a80409ebfb7136b6ab52) Importer(815301076,1909f56bfc062723c751e8b465ee728b)  -> (artifact id: '7df81332fb3f3a46787078e00ca1a7a3') in 0.001931 seconds 
  Import took 0.005076 seconds .

========================================================================
Received Import Request.
  Time since last request: 110.628326 seconds.
  path: Assets/Scripts/FrameWork
  artifactKey: Guid(78bd54ef3773929459f8ca450a989a75) Importer(815301076,1909f56bfc062723c751e8b465ee728b)
Start importing Assets/Scripts/FrameWork using Guid(78bd54ef3773929459f8ca450a989a75) Importer(815301076,1909f56bfc062723c751e8b465ee728b)  -> (artifact id: '9eb950dacdd5f144845458ba9bb70eed') in 0.002111 seconds 
  Import took 0.005261 seconds .

========================================================================
Received Prepare
Registering precompiled user dll's ...
Registered in 0.002955 seconds.
Begin MonoManager ReloadAssembly
Native extension for WindowsStandalone target not found
Refreshing native plugins compatible for Editor in 0.68 ms, found 2 plugins.
Preloading 0 native plugins for Editor in 0.00 ms.
Mono: successfully reloaded assembly
- Completed reload, in  0.977 seconds
Domain Reload Profiling:
	ReloadAssembly (977ms)
		BeginReloadAssembly (97ms)
			ExecutionOrderSort (0ms)
			DisableScriptedObjects (5ms)
			BackupInstance (0ms)
			ReleaseScriptingObjects (0ms)
			CreateAndSetChildDomain (32ms)
		EndReloadAssembly (825ms)
			LoadAssemblies (79ms)
			RebuildTransferFunctionScriptingTraits (0ms)
			SetupTypeCache (261ms)
			ReleaseScriptCaches (1ms)
			RebuildScriptCaches (42ms)
			SetupLoadedEditorAssemblies (334ms)
				LogAssemblyErrors (0ms)
				InitializePlatformSupportModulesInManaged (4ms)
				SetLoadedEditorAssemblies (0ms)
				RefreshPlugins (1ms)
				BeforeProcessingInitializeOnLoad (84ms)
				ProcessInitializeOnLoadAttributes (203ms)
				ProcessInitializeOnLoadMethodAttributes (36ms)
				AfterProcessingInitializeOnLoad (5ms)
				EditorAssembliesLoaded (0ms)
			ExecutionOrderSort2 (0ms)
			AwakeInstancesAfterBackupRestoration (7ms)
Platform modules already initialized, skipping
Switching build target platform(19) subTarget(0) extendedPlatform(0) -> platform(13) subTarget(589824) extendedPlatform(0)
Refreshing native plugins compatible for Editor in 0.61 ms, found 2 plugins.
Preloading 0 native plugins for Editor in 0.00 ms.
Unloading 2120 Unused Serialized files (Serialized files now loaded: 0)
System memory in use before: 91.9 MB.
System memory in use after: 92.0 MB.

Unloading 49 unused Assets to reduce memory usage. Loaded Objects now: 2645.
Total: 5.883500 ms (FindLiveObjects: 0.160900 ms CreateObjectMapping: 0.082100 ms MarkObjects: 5.614200 ms  DeleteObjects: 0.025100 ms)

AssetImportParameters requested are different than current active one (requested -> active):
  custom:framework-win-MediaFoundation: 216162199b28c13a410421893ffa2e32 -> 
  custom:video-decoder-ogg-theora: a1e56fd34408186e4bbccfd4996cb3dc -> 
  custom:container-muxer-webm: aa71ff27fc2769a1b78a27578f13a17b -> 
  custom:container-demuxer-webm: 4f35f7cbe854078d1ac9338744f61a02 -> 
  custom:container-demuxer-ogg: 62fdf1f143b41e24485cea50d1cbac27 -> 
  custom:video-encoder-webm-vp8: eb34c28f22e8b96e1ab97ce403110664 -> 
  custom:video-decoder-webm-vp8: 9c59270c3fd7afecdb556c50c9e8de78 -> 
  custom:graphics/normal-map-encoding: 01000000000000000000000000000000 -> 02000000000000000000000000000000
  custom:audio-decoder-ogg-vorbis: bf7c407c2cedff20999df2af8eb42d56 -> 
  custom:audio-encoder-webm-vorbis: bf7c407c2cedff20999df2af8eb42d56 -> 
========================================================================
Received Import Request.
  Time since last request: 63.991920 seconds.
  path: Assets/Scripts/FrameWork/IReusable.cs
  artifactKey: Guid(ef335837efaf10e418d36a2d592b447b) Importer(815301076,1909f56bfc062723c751e8b465ee728b)
Start importing Assets/Scripts/FrameWork/IReusable.cs using Guid(ef335837efaf10e418d36a2d592b447b) Importer(815301076,1909f56bfc062723c751e8b465ee728b)  -> (artifact id: '793c4ff12c42c472c00454ca98108cfd') in 0.008895 seconds 
  Import took 0.012207 seconds .

========================================================================
Received Prepare
Registering precompiled user dll's ...
Registered in 0.003431 seconds.
Begin MonoManager ReloadAssembly
Native extension for WindowsStandalone target not found
Refreshing native plugins compatible for Editor in 0.67 ms, found 2 plugins.
Preloading 0 native plugins for Editor in 0.00 ms.
Mono: successfully reloaded assembly
- Completed reload, in  1.014 seconds
Domain Reload Profiling:
	ReloadAssembly (1015ms)
		BeginReloadAssembly (94ms)
			ExecutionOrderSort (0ms)
			DisableScriptedObjects (6ms)
			BackupInstance (0ms)
			ReleaseScriptingObjects (0ms)
			CreateAndSetChildDomain (29ms)
		EndReloadAssembly (864ms)
			LoadAssemblies (79ms)
			RebuildTransferFunctionScriptingTraits (0ms)
			SetupTypeCache (286ms)
			ReleaseScriptCaches (1ms)
			RebuildScriptCaches (41ms)
			SetupLoadedEditorAssemblies (340ms)
				LogAssemblyErrors (0ms)
				InitializePlatformSupportModulesInManaged (4ms)
				SetLoadedEditorAssemblies (0ms)
				RefreshPlugins (1ms)
				BeforeProcessingInitializeOnLoad (83ms)
				ProcessInitializeOnLoadAttributes (205ms)
				ProcessInitializeOnLoadMethodAttributes (41ms)
				AfterProcessingInitializeOnLoad (6ms)
				EditorAssembliesLoaded (0ms)
			ExecutionOrderSort2 (0ms)
			AwakeInstancesAfterBackupRestoration (6ms)
Platform modules already initialized, skipping
Script is not up to date after domain reload: guid(0f9bf44a069fc654483a6521a830bca0) path("Assets/Scripts/FrameWork/SubPool.cs") state(2)
Switching build target platform(19) subTarget(0) extendedPlatform(0) -> platform(13) subTarget(589824) extendedPlatform(0)
Refreshing native plugins compatible for Editor in 0.61 ms, found 2 plugins.
Preloading 0 native plugins for Editor in 0.00 ms.
Unloading 2121 Unused Serialized files (Serialized files now loaded: 0)
System memory in use before: 91.9 MB.
System memory in use after: 92.0 MB.

Unloading 49 unused Assets to reduce memory usage. Loaded Objects now: 2648.
Total: 5.933000 ms (FindLiveObjects: 0.162400 ms CreateObjectMapping: 0.084600 ms MarkObjects: 5.657800 ms  DeleteObjects: 0.026800 ms)

AssetImportParameters requested are different than current active one (requested -> active):
  custom:framework-win-MediaFoundation: 216162199b28c13a410421893ffa2e32 -> 
  custom:video-decoder-ogg-theora: a1e56fd34408186e4bbccfd4996cb3dc -> 
  custom:container-muxer-webm: aa71ff27fc2769a1b78a27578f13a17b -> 
  custom:container-demuxer-webm: 4f35f7cbe854078d1ac9338744f61a02 -> 
  custom:container-demuxer-ogg: 62fdf1f143b41e24485cea50d1cbac27 -> 
  custom:video-encoder-webm-vp8: eb34c28f22e8b96e1ab97ce403110664 -> 
  custom:video-decoder-webm-vp8: 9c59270c3fd7afecdb556c50c9e8de78 -> 
  custom:graphics/normal-map-encoding: 01000000000000000000000000000000 -> 02000000000000000000000000000000
  custom:audio-decoder-ogg-vorbis: bf7c407c2cedff20999df2af8eb42d56 -> 
  custom:audio-encoder-webm-vorbis: bf7c407c2cedff20999df2af8eb42d56 -> 
========================================================================
Received Prepare
Registering precompiled user dll's ...
Registered in 0.003525 seconds.
Begin MonoManager ReloadAssembly
Native extension for WindowsStandalone target not found
Refreshing native plugins compatible for Editor in 0.63 ms, found 2 plugins.
Preloading 0 native plugins for Editor in 0.00 ms.
Mono: successfully reloaded assembly
- Completed reload, in  0.972 seconds
Domain Reload Profiling:
	ReloadAssembly (972ms)
		BeginReloadAssembly (90ms)
			ExecutionOrderSort (0ms)
			DisableScriptedObjects (6ms)
			BackupInstance (0ms)
			ReleaseScriptingObjects (0ms)
			CreateAndSetChildDomain (27ms)
		EndReloadAssembly (825ms)
			LoadAssemblies (79ms)
			RebuildTransferFunctionScriptingTraits (0ms)
			SetupTypeCache (252ms)
			ReleaseScriptCaches (1ms)
			RebuildScriptCaches (42ms)
			SetupLoadedEditorAssemblies (330ms)
				LogAssemblyErrors (0ms)
				InitializePlatformSupportModulesInManaged (4ms)
				SetLoadedEditorAssemblies (0ms)
				RefreshPlugins (1ms)
				BeforeProcessingInitializeOnLoad (85ms)
				ProcessInitializeOnLoadAttributes (200ms)
				ProcessInitializeOnLoadMethodAttributes (36ms)
				AfterProcessingInitializeOnLoad (5ms)
				EditorAssembliesLoaded (0ms)
			ExecutionOrderSort2 (0ms)
			AwakeInstancesAfterBackupRestoration (7ms)
Platform modules already initialized, skipping
Switching build target platform(19) subTarget(0) extendedPlatform(0) -> platform(13) subTarget(589824) extendedPlatform(0)
Refreshing native plugins compatible for Editor in 0.61 ms, found 2 plugins.
Preloading 0 native plugins for Editor in 0.00 ms.
Unloading 2123 Unused Serialized files (Serialized files now loaded: 0)
System memory in use before: 91.9 MB.
System memory in use after: 92.0 MB.

Unloading 49 unused Assets to reduce memory usage. Loaded Objects now: 2652.
Total: 5.855400 ms (FindLiveObjects: 0.169600 ms CreateObjectMapping: 0.073600 ms MarkObjects: 5.587800 ms  DeleteObjects: 0.023300 ms)

AssetImportParameters requested are different than current active one (requested -> active):
  custom:framework-win-MediaFoundation: 216162199b28c13a410421893ffa2e32 -> 
  custom:video-decoder-ogg-theora: a1e56fd34408186e4bbccfd4996cb3dc -> 
  custom:container-muxer-webm: aa71ff27fc2769a1b78a27578f13a17b -> 
  custom:container-demuxer-webm: 4f35f7cbe854078d1ac9338744f61a02 -> 
  custom:container-demuxer-ogg: 62fdf1f143b41e24485cea50d1cbac27 -> 
  custom:video-encoder-webm-vp8: eb34c28f22e8b96e1ab97ce403110664 -> 
  custom:video-decoder-webm-vp8: 9c59270c3fd7afecdb556c50c9e8de78 -> 
  custom:graphics/normal-map-encoding: 01000000000000000000000000000000 -> 02000000000000000000000000000000
  custom:audio-decoder-ogg-vorbis: bf7c407c2cedff20999df2af8eb42d56 -> 
  custom:audio-encoder-webm-vorbis: bf7c407c2cedff20999df2af8eb42d56 -> 
========================================================================
Received Import Request.
  Time since last request: 37.632537 seconds.
  path: Assets/Scripts/FrameWork/SubPool1.cs
  artifactKey: Guid(0dab0fce9a25ec743ad4d5dbe347ff48) Importer(815301076,1909f56bfc062723c751e8b465ee728b)
Start importing Assets/Scripts/FrameWork/SubPool1.cs using Guid(0dab0fce9a25ec743ad4d5dbe347ff48) Importer(815301076,1909f56bfc062723c751e8b465ee728b)  -> (artifact id: '9c94d70ba19935cd64beaf957ef0c959') in 0.004368 seconds 
  Import took 0.007375 seconds .

========================================================================
Received Import Request.
  Time since last request: 2.226853 seconds.
  path: Assets/Scripts/FrameWork/ReusableObject1.cs
  artifactKey: Guid(397b302c24e145646935fe39be5510e5) Importer(815301076,1909f56bfc062723c751e8b465ee728b)
Start importing Assets/Scripts/FrameWork/ReusableObject1.cs using Guid(397b302c24e145646935fe39be5510e5) Importer(815301076,1909f56bfc062723c751e8b465ee728b)  -> (artifact id: '19c8d5d9eb9389c2c8b1e879a66d7807') in 0.001984 seconds 
  Import took 0.005491 seconds .

========================================================================
Received Prepare
Registering precompiled user dll's ...
Registered in 0.003522 seconds.
Begin MonoManager ReloadAssembly
Native extension for WindowsStandalone target not found
Refreshing native plugins compatible for Editor in 0.68 ms, found 2 plugins.
Preloading 0 native plugins for Editor in 0.00 ms.
Mono: successfully reloaded assembly
- Completed reload, in  0.989 seconds
Domain Reload Profiling:
	ReloadAssembly (989ms)
		BeginReloadAssembly (92ms)
			ExecutionOrderSort (0ms)
			DisableScriptedObjects (6ms)
			BackupInstance (0ms)
			ReleaseScriptingObjects (0ms)
			CreateAndSetChildDomain (28ms)
		EndReloadAssembly (842ms)
			LoadAssemblies (76ms)
			RebuildTransferFunctionScriptingTraits (0ms)
			SetupTypeCache (258ms)
			ReleaseScriptCaches (1ms)
			RebuildScriptCaches (44ms)
			SetupLoadedEditorAssemblies (339ms)
				LogAssemblyErrors (0ms)
				InitializePlatformSupportModulesInManaged (5ms)
				SetLoadedEditorAssemblies (1ms)
				RefreshPlugins (1ms)
				BeforeProcessingInitializeOnLoad (85ms)
				ProcessInitializeOnLoadAttributes (206ms)
				ProcessInitializeOnLoadMethodAttributes (37ms)
				AfterProcessingInitializeOnLoad (5ms)
				EditorAssembliesLoaded (0ms)
			ExecutionOrderSort2 (0ms)
			AwakeInstancesAfterBackupRestoration (6ms)
Platform modules already initialized, skipping
Switching build target platform(19) subTarget(0) extendedPlatform(0) -> platform(13) subTarget(589824) extendedPlatform(0)
Refreshing native plugins compatible for Editor in 0.62 ms, found 2 plugins.
Preloading 0 native plugins for Editor in 0.00 ms.
Unloading 2122 Unused Serialized files (Serialized files now loaded: 0)
System memory in use before: 91.9 MB.
System memory in use after: 92.0 MB.

Unloading 49 unused Assets to reduce memory usage. Loaded Objects now: 2654.
Total: 6.540400 ms (FindLiveObjects: 0.179200 ms CreateObjectMapping: 0.090800 ms MarkObjects: 6.242700 ms  DeleteObjects: 0.026700 ms)

AssetImportParameters requested are different than current active one (requested -> active):
  custom:framework-win-MediaFoundation: 216162199b28c13a410421893ffa2e32 -> 
  custom:video-decoder-ogg-theora: a1e56fd34408186e4bbccfd4996cb3dc -> 
  custom:container-muxer-webm: aa71ff27fc2769a1b78a27578f13a17b -> 
  custom:container-demuxer-webm: 4f35f7cbe854078d1ac9338744f61a02 -> 
  custom:container-demuxer-ogg: 62fdf1f143b41e24485cea50d1cbac27 -> 
  custom:video-encoder-webm-vp8: eb34c28f22e8b96e1ab97ce403110664 -> 
  custom:video-decoder-webm-vp8: 9c59270c3fd7afecdb556c50c9e8de78 -> 
  custom:graphics/normal-map-encoding: 01000000000000000000000000000000 -> 02000000000000000000000000000000
  custom:audio-decoder-ogg-vorbis: bf7c407c2cedff20999df2af8eb42d56 -> 
  custom:audio-encoder-webm-vorbis: bf7c407c2cedff20999df2af8eb42d56 -> 
========================================================================
Received Prepare
Registering precompiled user dll's ...
Registered in 0.002968 seconds.
Begin MonoManager ReloadAssembly
Native extension for WindowsStandalone target not found
Refreshing native plugins compatible for Editor in 0.64 ms, found 2 plugins.
Preloading 0 native plugins for Editor in 0.00 ms.
Mono: successfully reloaded assembly
- Completed reload, in  0.981 seconds
Domain Reload Profiling:
	ReloadAssembly (981ms)
		BeginReloadAssembly (91ms)
			ExecutionOrderSort (0ms)
			DisableScriptedObjects (5ms)
			BackupInstance (0ms)
			ReleaseScriptingObjects (0ms)
			CreateAndSetChildDomain (27ms)
		EndReloadAssembly (835ms)
			LoadAssemblies (74ms)
			RebuildTransferFunctionScriptingTraits (0ms)
			SetupTypeCache (249ms)
			ReleaseScriptCaches (1ms)
			RebuildScriptCaches (42ms)
			SetupLoadedEditorAssemblies (333ms)
				LogAssemblyErrors (0ms)
				InitializePlatformSupportModulesInManaged (4ms)
				SetLoadedEditorAssemblies (0ms)
				RefreshPlugins (1ms)
				BeforeProcessingInitializeOnLoad (87ms)
				ProcessInitializeOnLoadAttributes (201ms)
				ProcessInitializeOnLoadMethodAttributes (35ms)
				AfterProcessingInitializeOnLoad (5ms)
				EditorAssembliesLoaded (0ms)
			ExecutionOrderSort2 (0ms)
			AwakeInstancesAfterBackupRestoration (6ms)
Platform modules already initialized, skipping
Switching build target platform(19) subTarget(0) extendedPlatform(0) -> platform(13) subTarget(589824) extendedPlatform(0)
Refreshing native plugins compatible for Editor in 0.68 ms, found 2 plugins.
Preloading 0 native plugins for Editor in 0.00 ms.
Unloading 2119 Unused Serialized files (Serialized files now loaded: 0)
System memory in use before: 91.8 MB.
System memory in use after: 91.9 MB.

Unloading 49 unused Assets to reduce memory usage. Loaded Objects now: 2656.
Total: 6.853600 ms (FindLiveObjects: 0.148000 ms CreateObjectMapping: 0.077100 ms MarkObjects: 6.600600 ms  DeleteObjects: 0.026700 ms)

AssetImportParameters requested are different than current active one (requested -> active):
  custom:framework-win-MediaFoundation: 216162199b28c13a410421893ffa2e32 -> 
  custom:video-decoder-ogg-theora: a1e56fd34408186e4bbccfd4996cb3dc -> 
  custom:container-muxer-webm: aa71ff27fc2769a1b78a27578f13a17b -> 
  custom:container-demuxer-webm: 4f35f7cbe854078d1ac9338744f61a02 -> 
  custom:container-demuxer-ogg: 62fdf1f143b41e24485cea50d1cbac27 -> 
  custom:video-encoder-webm-vp8: eb34c28f22e8b96e1ab97ce403110664 -> 
  custom:video-decoder-webm-vp8: 9c59270c3fd7afecdb556c50c9e8de78 -> 
  custom:graphics/normal-map-encoding: 01000000000000000000000000000000 -> 02000000000000000000000000000000
  custom:audio-decoder-ogg-vorbis: bf7c407c2cedff20999df2af8eb42d56 -> 
  custom:audio-encoder-webm-vorbis: bf7c407c2cedff20999df2af8eb42d56 -> 
========================================================================
Received Prepare
Registering precompiled user dll's ...
Registered in 0.003401 seconds.
Begin MonoManager ReloadAssembly
OnLevelWasLoaded was found on Game
This message has been deprecated and will be removed in a later version of Unity.
Add a delegate to SceneManager.sceneLoaded instead to get notifications after scene loading has completed
Native extension for WindowsStandalone target not found
Refreshing native plugins compatible for Editor in 0.65 ms, found 2 plugins.
Preloading 0 native plugins for Editor in 0.00 ms.
Mono: successfully reloaded assembly
- Completed reload, in  1.002 seconds
Domain Reload Profiling:
	ReloadAssembly (1003ms)
		BeginReloadAssembly (101ms)
			ExecutionOrderSort (0ms)
			DisableScriptedObjects (6ms)
			BackupInstance (0ms)
			ReleaseScriptingObjects (0ms)
			CreateAndSetChildDomain (37ms)
		EndReloadAssembly (845ms)
			LoadAssemblies (79ms)
			RebuildTransferFunctionScriptingTraits (0ms)
			SetupTypeCache (253ms)
			ReleaseScriptCaches (1ms)
			RebuildScriptCaches (44ms)
			SetupLoadedEditorAssemblies (331ms)
				LogAssemblyErrors (0ms)
				InitializePlatformSupportModulesInManaged (4ms)
				SetLoadedEditorAssemblies (1ms)
				RefreshPlugins (1ms)
				BeforeProcessingInitializeOnLoad (83ms)
				ProcessInitializeOnLoadAttributes (200ms)
				ProcessInitializeOnLoadMethodAttributes (36ms)
				AfterProcessingInitializeOnLoad (5ms)
				EditorAssembliesLoaded (0ms)
			ExecutionOrderSort2 (0ms)
			AwakeInstancesAfterBackupRestoration (6ms)
Platform modules already initialized, skipping
Switching build target platform(19) subTarget(0) extendedPlatform(0) -> platform(13) subTarget(589824) extendedPlatform(0)
Refreshing native plugins compatible for Editor in 0.63 ms, found 2 plugins.
Preloading 0 native plugins for Editor in 0.00 ms.
Unloading 2188 Unused Serialized files (Serialized files now loaded: 0)
System memory in use before: 93.2 MB.
System memory in use after: 93.3 MB.

Unloading 49 unused Assets to reduce memory usage. Loaded Objects now: 2658.
Total: 5.967400 ms (FindLiveObjects: 0.146300 ms CreateObjectMapping: 0.070300 ms MarkObjects: 5.723100 ms  DeleteObjects: 0.026500 ms)

AssetImportParameters requested are different than current active one (requested -> active):
  custom:framework-win-MediaFoundation: 216162199b28c13a410421893ffa2e32 -> 
  custom:video-decoder-ogg-theora: a1e56fd34408186e4bbccfd4996cb3dc -> 
  custom:container-muxer-webm: aa71ff27fc2769a1b78a27578f13a17b -> 
  custom:container-demuxer-webm: 4f35f7cbe854078d1ac9338744f61a02 -> 
  custom:container-demuxer-ogg: 62fdf1f143b41e24485cea50d1cbac27 -> 
  custom:video-encoder-webm-vp8: eb34c28f22e8b96e1ab97ce403110664 -> 
  custom:video-decoder-webm-vp8: 9c59270c3fd7afecdb556c50c9e8de78 -> 
  custom:graphics/normal-map-encoding: 01000000000000000000000000000000 -> 02000000000000000000000000000000
  custom:audio-decoder-ogg-vorbis: bf7c407c2cedff20999df2af8eb42d56 -> 
  custom:audio-encoder-webm-vorbis: bf7c407c2cedff20999df2af8eb42d56 -> 
========================================================================
Received Import Request.
  Time since last request: 122.612431 seconds.
  path: Assets/Resources
  artifactKey: Guid(625eb932915a8914c8af7d7ed79e1638) Importer(815301076,1909f56bfc062723c751e8b465ee728b)
Start importing Assets/Resources using Guid(625eb932915a8914c8af7d7ed79e1638) Importer(815301076,1909f56bfc062723c751e8b465ee728b)  -> (artifact id: '747aef4a4be9dd5b0ff993b3efd4dfdc') in 0.004831 seconds 
  Import took 0.008023 seconds .

========================================================================
Received Import Request.
  Time since last request: 1.393444 seconds.
  path: Assets/Resources/BillingMode.json
  artifactKey: Guid(12bd5b88eef59454a9d35b223a9649a2) Importer(815301076,1909f56bfc062723c751e8b465ee728b)
Start importing Assets/Resources/BillingMode.json using Guid(12bd5b88eef59454a9d35b223a9649a2) Importer(815301076,1909f56bfc062723c751e8b465ee728b)  -> (artifact id: '3250ab282585ad1106881de50d466426') in 0.035934 seconds 
  Import took 0.039001 seconds .

========================================================================
Received Import Request.
  Time since last request: 20.680381 seconds.
  path: Assets/Resources/objects
  artifactKey: Guid(620ef6273bad3314a9a28834c5ca80dd) Importer(815301076,1909f56bfc062723c751e8b465ee728b)
Start importing Assets/Resources/objects using Guid(620ef6273bad3314a9a28834c5ca80dd) Importer(815301076,1909f56bfc062723c751e8b465ee728b)  -> (artifact id: '6a1e6815a0cbfa8a7693463315eb6e0b') in 0.002564 seconds 
  Import took 0.005908 seconds .

========================================================================
Received Import Request.
  Time since last request: 0.021528 seconds.
  path: Assets/Resources/objects/Block_Ai.prefab
  artifactKey: Guid(5b4ace401226e3c47a7cf8ee8bdc91dd) Importer(815301076,1909f56bfc062723c751e8b465ee728b)
Start importing Assets/Resources/objects/Block_Ai.prefab using Guid(5b4ace401226e3c47a7cf8ee8bdc91dd) Importer(815301076,1909f56bfc062723c751e8b465ee728b)  -> (artifact id: '23ba632f2680ec5fa48e9d424719dde7') in 0.092617 seconds 
  Import took 0.095877 seconds .

========================================================================
Received Import Request.
  Time since last request: 0.000294 seconds.
  path: Assets/Resources/objects/Block_People.prefab
  artifactKey: Guid(95b9dc1cdd351f341b7188e89fa09ad1) Importer(815301076,1909f56bfc062723c751e8b465ee728b)
Start importing Assets/Resources/objects/Block_People.prefab using Guid(95b9dc1cdd351f341b7188e89fa09ad1) Importer(815301076,1909f56bfc062723c751e8b465ee728b)  -> (artifact id: 'ce5298fde6b038e59d7232485633619c') in 0.066283 seconds 
  Import took 0.069292 seconds .

========================================================================
Received Import Request.
  Time since last request: 0.000226 seconds.
  path: Assets/Resources/objects/Effect_QiuWang.prefab
  artifactKey: Guid(bc4f1119298792b4187e13fe053fbfee) Importer(815301076,1909f56bfc062723c751e8b465ee728b)
Start importing Assets/Resources/objects/Effect_QiuWang.prefab using Guid(bc4f1119298792b4187e13fe053fbfee) Importer(815301076,1909f56bfc062723c751e8b465ee728b)  -> (artifact id: '1cb7c19bc6bd3c099e5756faceeed397') in 0.015378 seconds 
  Import took 0.018861 seconds .

========================================================================
Received Import Request.
  Time since last request: 0.000240 seconds.
  path: Assets/Resources/objects/Block_Gao_Yellow.prefab
  artifactKey: Guid(d5db3e188e5b5584c9315e8a07de4348) Importer(815301076,1909f56bfc062723c751e8b465ee728b)
Start importing Assets/Resources/objects/Block_Gao_Yellow.prefab using Guid(d5db3e188e5b5584c9315e8a07de4348) Importer(815301076,1909f56bfc062723c751e8b465ee728b)  -> (artifact id: 'bd8b7a3389c360868ca1085384d1770b') in 0.014421 seconds 
  Import took 0.017922 seconds .

========================================================================
Received Import Request.
  Time since last request: 0.000311 seconds.
  path: Assets/Resources/objects/Block_JiZhuangXiangFloorOrange.prefab
  artifactKey: Guid(593e686963458a84491dec7643dc9ac3) Importer(815301076,1909f56bfc062723c751e8b465ee728b)
Start importing Assets/Resources/objects/Block_JiZhuangXiangFloorOrange.prefab using Guid(593e686963458a84491dec7643dc9ac3) Importer(815301076,1909f56bfc062723c751e8b465ee728b)  -> (artifact id: 'bdeeb9382d8820ead9789df7462faca5') in 0.028423 seconds 
  Import took 0.031476 seconds .

========================================================================
Received Import Request.
  Time since last request: 0.000240 seconds.
  path: Assets/Resources/objects/FX_JinBi.prefab
  artifactKey: Guid(acda2208ff1603a499a12cfb2e05609b) Importer(815301076,1909f56bfc062723c751e8b465ee728b)
Start importing Assets/Resources/objects/FX_JinBi.prefab using Guid(acda2208ff1603a499a12cfb2e05609b) Importer(815301076,1909f56bfc062723c751e8b465ee728b)  -> (artifact id: '2d43be5f3992d266d9fd1ff24ee33aa3') in 0.033491 seconds 
  Import took 0.036733 seconds .

========================================================================
Received Import Request.
  Time since last request: 0.000284 seconds.
  path: Assets/Resources/objects/Block_Zhong_Yellow.prefab
  artifactKey: Guid(0d891e0a7ff4e9f408fa970b990b5ebe) Importer(815301076,1909f56bfc062723c751e8b465ee728b)
Start importing Assets/Resources/objects/Block_Zhong_Yellow.prefab using Guid(0d891e0a7ff4e9f408fa970b990b5ebe) Importer(815301076,1909f56bfc062723c751e8b465ee728b)  -> (artifact id: 'a945fa147c9a9a1935ba37d2f8f7b134') in 0.013097 seconds 
  Import took 0.016269 seconds .

========================================================================
Received Import Request.
  Time since last request: 0.000212 seconds.
  path: Assets/Resources/objects/FX_GOAL.prefab
  artifactKey: Guid(d1d95436cb2f9814c8c4a65403f792b0) Importer(815301076,1909f56bfc062723c751e8b465ee728b)
Start importing Assets/Resources/objects/FX_GOAL.prefab using Guid(d1d95436cb2f9814c8c4a65403f792b0) Importer(815301076,1909f56bfc062723c751e8b465ee728b)  -> (artifact id: '382f6beef9f3a531197145c61e204c0d') in 0.053572 seconds 
  Import took 0.058145 seconds .

========================================================================
Received Import Request.
  Time since last request: 0.000264 seconds.
  path: Assets/Resources/objects/FX_ZhuangJi.prefab
  artifactKey: Guid(449044fdf86660544b0e3df729ff17b5) Importer(815301076,1909f56bfc062723c751e8b465ee728b)
Start importing Assets/Resources/objects/FX_ZhuangJi.prefab using Guid(449044fdf86660544b0e3df729ff17b5) Importer(815301076,1909f56bfc062723c751e8b465ee728b)  -> (artifact id: 'ec6dd1a61b86c6390d4ef5a4904a64ca') in 0.012556 seconds 
  Import took 0.016023 seconds .

========================================================================
Received Import Request.
  Time since last request: 0.000274 seconds.
  path: Assets/Resources/objects/Block_Big.prefab
  artifactKey: Guid(96046df96245e4e48af53d63fa21a3b8) Importer(815301076,1909f56bfc062723c751e8b465ee728b)
Start importing Assets/Resources/objects/Block_Big.prefab using Guid(96046df96245e4e48af53d63fa21a3b8) Importer(815301076,1909f56bfc062723c751e8b465ee728b)  -> (artifact id: 'dcce91c6bcae91f72426bfda94f64d92') in 0.015206 seconds 
  Import took 0.019118 seconds .

========================================================================
Received Import Request.
  Time since last request: 0.000278 seconds.
  path: Assets/Resources/objects/Item_AddTime.prefab
  artifactKey: Guid(3f5d5c4e4061aa149a4e1866bdf66b7f) Importer(815301076,1909f56bfc062723c751e8b465ee728b)
Start importing Assets/Resources/objects/Item_AddTime.prefab using Guid(3f5d5c4e4061aa149a4e1866bdf66b7f) Importer(815301076,1909f56bfc062723c751e8b465ee728b)  -> (artifact id: '12f12fb96169feae279183a3662b0bed') in 0.014943 seconds 
  Import took 0.018833 seconds .

========================================================================
Received Import Request.
  Time since last request: 0.000208 seconds.
  path: Assets/Resources/objects/Block_Zhong.prefab
  artifactKey: Guid(067d5d4678f33db4fbe5ff11a3d43206) Importer(815301076,1909f56bfc062723c751e8b465ee728b)
Start importing Assets/Resources/objects/Block_Zhong.prefab using Guid(067d5d4678f33db4fbe5ff11a3d43206) Importer(815301076,1909f56bfc062723c751e8b465ee728b)  -> (artifact id: '90837e8d6ef444a2aab694eaad5a6425') in 0.012168 seconds 
  Import took 0.015333 seconds .

========================================================================
Received Import Request.
  Time since last request: 0.000231 seconds.
  path: Assets/Resources/objects/FX_JiaSu.prefab
  artifactKey: Guid(54e15cd266d20e64b986a60ea5542cbd) Importer(815301076,1909f56bfc062723c751e8b465ee728b)
Start importing Assets/Resources/objects/FX_JiaSu.prefab using Guid(54e15cd266d20e64b986a60ea5542cbd) Importer(815301076,1909f56bfc062723c751e8b465ee728b)  -> (artifact id: '13c5d1cd75a519b35597cb7ca3809ab4') in 0.012497 seconds 
  Import took 0.016039 seconds .

========================================================================
Received Import Request.
  Time since last request: 0.000193 seconds.
  path: Assets/Resources/objects/Item_Magnet.prefab
  artifactKey: Guid(49be465cf44f26f41a830069b639a63e) Importer(815301076,1909f56bfc062723c751e8b465ee728b)
Start importing Assets/Resources/objects/Item_Magnet.prefab using Guid(49be465cf44f26f41a830069b639a63e) Importer(815301076,1909f56bfc062723c751e8b465ee728b)  -> (artifact id: '28971733fa5227e59178b6cf91ad7b4a') in 0.018674 seconds 
  Import took 0.021841 seconds .

========================================================================
Received Import Request.
  Time since last request: 0.000223 seconds.
  path: Assets/Resources/objects/Block_Car_CanMove.prefab
  artifactKey: Guid(491316f0396dad549869a526dd414e24) Importer(815301076,1909f56bfc062723c751e8b465ee728b)
Start importing Assets/Resources/objects/Block_Car_CanMove.prefab using Guid(491316f0396dad549869a526dd414e24) Importer(815301076,1909f56bfc062723c751e8b465ee728b)  -> (artifact id: '251a2eaed8efadd4e2e39f374acc4ea6') in 0.020144 seconds 
  Import took 0.023565 seconds .

========================================================================
Received Import Request.
  Time since last request: 0.000496 seconds.
  path: Assets/Resources/objects/Block_JiZhuangXiangFloorBrown.prefab
  artifactKey: Guid(1f1862245dbebf0448afb43d6de8b0f6) Importer(815301076,1909f56bfc062723c751e8b465ee728b)
Start importing Assets/Resources/objects/Block_JiZhuangXiangFloorBrown.prefab using Guid(1f1862245dbebf0448afb43d6de8b0f6) Importer(815301076,1909f56bfc062723c751e8b465ee728b)  -> (artifact id: '384bdb3ddf23e2461fbc388f74e8aec9') in 0.020836 seconds 
  Import took 0.024073 seconds .

========================================================================
Received Import Request.
  Time since last request: 0.000217 seconds.
  path: Assets/Resources/objects/Coin.prefab
  artifactKey: Guid(5d00d3c604b6ef94d9c87accbfc9fdc7) Importer(815301076,1909f56bfc062723c751e8b465ee728b)
Start importing Assets/Resources/objects/Coin.prefab using Guid(5d00d3c604b6ef94d9c87accbfc9fdc7) Importer(815301076,1909f56bfc062723c751e8b465ee728b)  -> (artifact id: '9d9521ca060428e4facfc38384a9dc64') in 0.011555 seconds 
  Import took 0.014543 seconds .

========================================================================
Received Import Request.
  Time since last request: 0.000206 seconds.
  path: Assets/Resources/objects/Block_Ai_Yellow.prefab
  artifactKey: Guid(72e10c0344220394ab49e883643db433) Importer(815301076,1909f56bfc062723c751e8b465ee728b)
Start importing Assets/Resources/objects/Block_Ai_Yellow.prefab using Guid(72e10c0344220394ab49e883643db433) Importer(815301076,1909f56bfc062723c751e8b465ee728b)  -> (artifact id: '18488d027563364c1869d5ab33008af3') in 0.012165 seconds 
  Import took 0.015458 seconds .

========================================================================
Received Import Request.
  Time since last request: 0.000202 seconds.
  path: Assets/Resources/objects/Block_JiZhuangXiangFloorBlue.prefab
  artifactKey: Guid(d3f190ddc265f3d47b506a6326bbd1b5) Importer(815301076,1909f56bfc062723c751e8b465ee728b)
Start importing Assets/Resources/objects/Block_JiZhuangXiangFloorBlue.prefab using Guid(d3f190ddc265f3d47b506a6326bbd1b5) Importer(815301076,1909f56bfc062723c751e8b465ee728b)  -> (artifact id: '6564d1b4855718d682b32582566b08ea') in 0.021946 seconds 
  Import took 0.025451 seconds .

========================================================================
Received Import Request.
  Time since last request: 0.000191 seconds.
  path: Assets/Resources/objects/Block_Car_DontMove.prefab
  artifactKey: Guid(df9e5c7d2730c564eb92704ce5353fff) Importer(815301076,1909f56bfc062723c751e8b465ee728b)
Start importing Assets/Resources/objects/Block_Car_DontMove.prefab using Guid(df9e5c7d2730c564eb92704ce5353fff) Importer(815301076,1909f56bfc062723c751e8b465ee728b)  -> (artifact id: 'a59b9f39eded77f10441d7320e05a2f8') in 0.021825 seconds 
  Import took 0.025111 seconds .

========================================================================
Received Import Request.
  Time since last request: 0.000189 seconds.
  path: Assets/Resources/objects/Block_JiZhuangXiangFloorGreen.prefab
  artifactKey: Guid(c375b80abe779554ca0efad7a46a14b5) Importer(815301076,1909f56bfc062723c751e8b465ee728b)
Start importing Assets/Resources/objects/Block_JiZhuangXiangFloorGreen.prefab using Guid(c375b80abe779554ca0efad7a46a14b5) Importer(815301076,1909f56bfc062723c751e8b465ee728b)  -> (artifact id: '0a8a417282ca1b921c60f724556dd9e3') in 0.020532 seconds 
  Import took 0.023716 seconds .

========================================================================
Received Import Request.
  Time since last request: 0.577387 seconds.
  path: Assets/Resources/objects/Item_Multiply.prefab
  artifactKey: Guid(062abc29d5a87194d8a41f6f828a0a3c) Importer(815301076,1909f56bfc062723c751e8b465ee728b)
Start importing Assets/Resources/objects/Item_Multiply.prefab using Guid(062abc29d5a87194d8a41f6f828a0a3c) Importer(815301076,1909f56bfc062723c751e8b465ee728b)  -> (artifact id: '22cb72e5b62a54870fd5394d2906ecc9') in 0.019146 seconds 
  Import took 0.022553 seconds .

========================================================================
Received Import Request.
  Time since last request: 0.000236 seconds.
  path: Assets/Resources/objects/Pattern_2.prefab
  artifactKey: Guid(6da5849d8884d9d4abde7d979c733df2) Importer(815301076,1909f56bfc062723c751e8b465ee728b)
Start importing Assets/Resources/objects/Pattern_2.prefab using Guid(6da5849d8884d9d4abde7d979c733df2) Importer(815301076,1909f56bfc062723c751e8b465ee728b)  -> (artifact id: '1e8ac0dfa9c41363bdd6c9896ffafbc0') in 0.116272 seconds 
  Import took 0.122861 seconds .

========================================================================
Received Import Request.
  Time since last request: 0.000285 seconds.
  path: Assets/Resources/objects/Pattern_3.prefab
  artifactKey: Guid(7c1bba81d9853ef479cbdf05e9873606) Importer(815301076,1909f56bfc062723c751e8b465ee728b)
Start importing Assets/Resources/objects/Pattern_3.prefab using Guid(7c1bba81d9853ef479cbdf05e9873606) Importer(815301076,1909f56bfc062723c751e8b465ee728b)  -> (artifact id: '63064743f4a2a615e9ab0f17844bb9f7') in 0.071251 seconds 
  Import took 0.076905 seconds .

========================================================================
Received Import Request.
  Time since last request: 0.000303 seconds.
  path: Assets/Resources/objects/Pattern_4.prefab
  artifactKey: Guid(a15135f7bc6bf7f47a070843709fae6b) Importer(815301076,1909f56bfc062723c751e8b465ee728b)
Start importing Assets/Resources/objects/Pattern_4.prefab using Guid(a15135f7bc6bf7f47a070843709fae6b) Importer(815301076,1909f56bfc062723c751e8b465ee728b)  -> (artifact id: 'b0f2702887d4cff756adbf0c48518069') in 0.070067 seconds 
  Import took 0.076654 seconds .

========================================================================
Received Import Request.
  Time since last request: 0.000278 seconds.
  path: Assets/Resources/objects/Item_ShootGoal.prefab
  artifactKey: Guid(25626c65cebc8b54ba9f49646af0443a) Importer(815301076,1909f56bfc062723c751e8b465ee728b)
Start importing Assets/Resources/objects/Item_ShootGoal.prefab using Guid(25626c65cebc8b54ba9f49646af0443a) Importer(815301076,1909f56bfc062723c751e8b465ee728b)  -> (artifact id: 'ad23927cbb18beffd63af66c84aeb950') in 0.020082 seconds 
  Import took 0.023514 seconds .

========================================================================
Received Import Request.
  Time since last request: 0.000392 seconds.
  path: Assets/Resources/objects/Item_Sprite.prefab
  artifactKey: Guid(61db3bbfef30358499c78692f3216cc6) Importer(815301076,1909f56bfc062723c751e8b465ee728b)
Start importing Assets/Resources/objects/Item_Sprite.prefab using Guid(61db3bbfef30358499c78692f3216cc6) Importer(815301076,1909f56bfc062723c751e8b465ee728b)  -> (artifact id: 'df674ca7b5ed839f1cb80ef318977ccd') in 0.019964 seconds 
  Import took 0.023263 seconds .

========================================================================
Received Import Request.
  Time since last request: 0.000270 seconds.
  path: Assets/Resources/objects/Pattern_1.prefab
  artifactKey: Guid(d3cb7537d90215c4a823baa0e92d9757) Importer(815301076,1909f56bfc062723c751e8b465ee728b)
Start importing Assets/Resources/objects/Pattern_1.prefab using Guid(d3cb7537d90215c4a823baa0e92d9757) Importer(815301076,1909f56bfc062723c751e8b465ee728b)  -> (artifact id: 'ac2e43beedda65af572daf02e94180b7') in 0.092157 seconds 
  Import took 0.099059 seconds .

========================================================================
Received Import Request.
  Time since last request: 2.452114 seconds.
  path: Assets/Res
  artifactKey: Guid(83b8b537b3d2be340b88fc84b30352a2) Importer(815301076,1909f56bfc062723c751e8b465ee728b)
Start importing Assets/Res using Guid(83b8b537b3d2be340b88fc84b30352a2) Importer(815301076,1909f56bfc062723c751e8b465ee728b)  -> (artifact id: '6addad9c8f32a033bb3dac5ada8abbe3') in 0.002256 seconds 
  Import took 0.005615 seconds .

========================================================================
Received Import Request.
  Time since last request: 0.784463 seconds.
  path: Assets/Res/Effect
  artifactKey: Guid(f15a32a63fbf9584d856235ee38bbdc1) Importer(815301076,1909f56bfc062723c751e8b465ee728b)
Start importing Assets/Res/Effect using Guid(f15a32a63fbf9584d856235ee38bbdc1) Importer(815301076,1909f56bfc062723c751e8b465ee728b)  -> (artifact id: '2f6491e7cd34c22ddc679cc0b7e73d3a') in 0.002687 seconds 
  Import took 0.005961 seconds .

========================================================================
Received Import Request.
  Time since last request: 0.631368 seconds.
  path: Assets/Res/Effect/Animation
  artifactKey: Guid(f0d843d86d4fb2c44bbf3ae306d06086) Importer(815301076,1909f56bfc062723c751e8b465ee728b)
Start importing Assets/Res/Effect/Animation using Guid(f0d843d86d4fb2c44bbf3ae306d06086) Importer(815301076,1909f56bfc062723c751e8b465ee728b)  -> (artifact id: '20761bf6be7d2618ae897bd148facc11') in 0.002409 seconds 
  Import took 0.005660 seconds .

========================================================================
Received Import Request.
  Time since last request: 71.050774 seconds.
  path: Assets/Scripts/Framework
  artifactKey: Guid(78bd54ef3773929459f8ca450a989a75) Importer(815301076,1909f56bfc062723c751e8b465ee728b)
Start importing Assets/Scripts/Framework using Guid(78bd54ef3773929459f8ca450a989a75) Importer(815301076,1909f56bfc062723c751e8b465ee728b)  -> (artifact id: '1b136a60a93f34eddf560e3afec832c9') in 0.002443 seconds 
  Import took 0.006018 seconds .

========================================================================
Received Import Request.
  Time since last request: 4.153644 seconds.
  path: Assets/Scripts/Editor
  artifactKey: Guid(2e19e15e49c793e4e801c7cb01f701f9) Importer(815301076,1909f56bfc062723c751e8b465ee728b)
Start importing Assets/Scripts/Editor using Guid(2e19e15e49c793e4e801c7cb01f701f9) Importer(815301076,1909f56bfc062723c751e8b465ee728b)  -> (artifact id: 'e2669f05b650779aca1d854e3cade092') in 0.023626 seconds 
  Import took 0.026778 seconds .

========================================================================
Received Import Request.
  Time since last request: 4.665052 seconds.
  path: Assets/Scripts/Application
  artifactKey: Guid(b1cb9ceeaa95a034a9ae64043c29762a) Importer(815301076,1909f56bfc062723c751e8b465ee728b)
Start importing Assets/Scripts/Application using Guid(b1cb9ceeaa95a034a9ae64043c29762a) Importer(815301076,1909f56bfc062723c751e8b465ee728b)  -> (artifact id: 'f775bd87b115f15e2a20d7fb95acf4f5') in 0.002067 seconds 
  Import took 0.005390 seconds .

========================================================================
Received Import Request.
  Time since last request: 123.202245 seconds.
  path: Assets/Scripts/Framework/MVC
  artifactKey: Guid(e3e7c8cd8533d1949a56fedee3246bf1) Importer(815301076,1909f56bfc062723c751e8b465ee728b)
Start importing Assets/Scripts/Framework/MVC using Guid(e3e7c8cd8533d1949a56fedee3246bf1) Importer(815301076,1909f56bfc062723c751e8b465ee728b)  -> (artifact id: 'bdd6ee6c8efed74a8950d12a93a80276') in 0.002360 seconds 
  Import took 0.006798 seconds .

========================================================================
Received Import Request.
  Time since last request: 1.458582 seconds.
  path: Assets/Scripts/Framework/MVC/Controller.cs
  artifactKey: Guid(8eaeae5371a02c542882f9bc5c748c67) Importer(815301076,1909f56bfc062723c751e8b465ee728b)
Start importing Assets/Scripts/Framework/MVC/Controller.cs using Guid(8eaeae5371a02c542882f9bc5c748c67) Importer(815301076,1909f56bfc062723c751e8b465ee728b)  -> (artifact id: '34cf01608120f7ae87d9d6bcf8095cf5') in 0.002004 seconds 
  Import took 0.005197 seconds .

========================================================================
Received Import Request.
  Time since last request: 23.846813 seconds.
  path: Assets/Scripts/Framework/MVC/MVC.cs
  artifactKey: Guid(bac727cae8693b14f81e2d3f7fc9c264) Importer(815301076,1909f56bfc062723c751e8b465ee728b)
Start importing Assets/Scripts/Framework/MVC/MVC.cs using Guid(bac727cae8693b14f81e2d3f7fc9c264) Importer(815301076,1909f56bfc062723c751e8b465ee728b)  -> (artifact id: '968bd9b428d9009aec91ee6c42325005') in 0.002049 seconds 
  Import took 0.005252 seconds .

AssetImportWorkerClient::OnTransportError - code=2 error=End of file
